2022-10-02 02:10:01.135  LogInfo: START function HKDL_GetChillerDeltaT
2022-10-02 02:10:01.467  LogInfo: function HKDL_GetChillerDeltaT data: [{CCP1_CH01 [4x3] DataFrame

    Time                 Chiller_Chilled_Water_Return_Temperature_Sensor ...
 0: 2018-12-31T23:00:00Z 18.100000                                       ...
 1: 2018-12-31T23:15:00Z 18.100000                                       ...
 2: 2018-12-31T23:30:00Z 18.100000                                       ...
 3: 2018-12-31T23:45:00Z 18.100000                                       ...
    <string>             <float>                                         ...

Not Showing: Chiller_Chilled_Water_Supply_Temperature_Sensor <float>
} {CCP1_CH02 [4x3] DataFrame

    Time                 Chiller_Chilled_Water_Return_Temperature_Sensor ...
 0: 2018-12-31T23:00:00Z 12.700000                                       ...
 1: 2018-12-31T23:15:00Z 12.700000                                       ...
 2: 2018-12-31T23:30:00Z 12.700000                                       ...
 3: 2018-12-31T23:45:00Z 12.700000                                       ...
    <string>             <float>                                         ...

Not Showing: Chiller_Chilled_Water_Supply_Temperature_Sensor <float>
} {CCP1_CH03 [4x3] DataFrame

    Time                 Chiller_Chilled_Water_Return_Temperature_Sensor ...
 0: 2018-12-31T23:00:00Z 12.500000                                       ...
 1: 2018-12-31T23:15:00Z 12.500000                                       ...
 2: 2018-12-31T23:30:00Z 12.400000                                       ...
 3: 2018-12-31T23:45:00Z 12.400000                                       ...
    <string>             <float>                                         ...

Not Showing: Chiller_Chilled_Water_Supply_Temperature_Sensor <float>
} {CCP1_CH04 [4x3] DataFrame

    Time                 Chiller_Chilled_Water_Return_Temperature_Sensor ...
 0: 2018-12-31T23:00:00Z 19.600000                                       ...
 1: 2018-12-31T23:15:00Z 19.600000                                       ...
 2: 2018-12-31T23:30:00Z 19.600000                                       ...
 3: 2018-12-31T23:45:00Z 19.600000                                       ...
    <string>             <float>                                         ...

Not Showing: Chiller_Chilled_Water_Supply_Temperature_Sensor <float>
} {CCP1_CH05 [4x3] DataFrame

    Time                 Chiller_Chilled_Water_Return_Temperature_Sensor ...
 0: 2018-12-31T23:00:00Z 19.700000                                       ...
 1: 2018-12-31T23:15:00Z 19.700000                                       ...
 2: 2018-12-31T23:30:00Z 19.600000                                       ...
 3: 2018-12-31T23:45:00Z 19.600000                                       ...
    <string>             <float>                                         ...

Not Showing: Chiller_Chilled_Water_Supply_Temperature_Sensor <float>
} {CCP1_CH06 [4x3] DataFrame

    Time                 Chiller_Chilled_Water_Return_Temperature_Sensor ...
 0: 2018-12-31T23:00:00Z 19.300000                                       ...
 1: 2018-12-31T23:15:00Z 19.300000                                       ...
 2: 2018-12-31T23:30:00Z 19.300000                                       ...
 3: 2018-12-31T23:45:00Z 19.300000                                       ...
    <string>             <float>                                         ...

Not Showing: Chiller_Chilled_Water_Supply_Temperature_Sensor <float>
} {CCP1_CH07 [4x3] DataFrame

    Time                 Chiller_Chilled_Water_Return_Temperature_Sensor ...
 0: 2018-12-31T23:00:00Z 19.700000                                       ...
 1: 2018-12-31T23:15:00Z 19.700000                                       ...
 2: 2018-12-31T23:30:00Z 19.700000                                       ...
 3: 2018-12-31T23:45:00Z 19.600000                                       ...
    <string>             <float>                                         ...

Not Showing: Chiller_Chilled_Water_Supply_Temperature_Sensor <float>
} {CCP2_CH01 [4x2] DataFrame

    Time                 Chiller_Chilled_Water_Return_Temperature_Sensor
 0: 2018-12-31T23:00:00Z 19.800000
 1: 2018-12-31T23:15:00Z 19.800000
 2: 2018-12-31T23:30:00Z 19.800000
 3: 2018-12-31T23:45:00Z 19.800000
    <string>             <float>
} {CCP2_CH02 [4x3] DataFrame

    Time                 Chiller_Chilled_Water_Return_Temperature_Sensor ...
 0: 2018-12-31T23:00:00Z 20.100000                                       ...
 1: 2018-12-31T23:15:00Z 20.100000                                       ...
 2: 2018-12-31T23:30:00Z 20.100000                                       ...
 3: 2018-12-31T23:45:00Z 20.100000                                       ...
    <string>             <float>                                         ...

Not Showing: Chiller_Chilled_Water_Supply_Temperature_Sensor <float>
} {CCP2_CH03 [4x3] DataFrame

    Time                 Chiller_Chilled_Water_Return_Temperature_Sensor ...
 0: 2018-12-31T23:00:00Z 21.100000                                       ...
 1: 2018-12-31T23:15:00Z 21.100000                                       ...
 2: 2018-12-31T23:30:00Z 21.100000                                       ...
 3: 2018-12-31T23:45:00Z 21.100000                                       ...
    <string>             <float>                                         ...

Not Showing: Chiller_Chilled_Water_Supply_Temperature_Sensor <float>
} {CCP2_CH04 [4x3] DataFrame

    Time                 Chiller_Chilled_Water_Return_Temperature_Sensor ...
 0: 2018-12-31T23:00:00Z 8.600000                                        ...
 1: 2018-12-31T23:15:00Z 8.900000                                        ...
 2: 2018-12-31T23:30:00Z 8.700000                                        ...
 3: 2018-12-31T23:45:00Z 8.600000                                        ...
    <string>             <float>                                         ...

Not Showing: Chiller_Chilled_Water_Supply_Temperature_Sensor <float>
} {CCP2_CH05 [4x3] DataFrame

    Time                 Chiller_Chilled_Water_Return_Temperature_Sensor ...
 0: 2018-12-31T23:00:00Z 9.000000                                        ...
 1: 2018-12-31T23:15:00Z 9.000000                                        ...
 2: 2018-12-31T23:30:00Z 9.000000                                        ...
 3: 2018-12-31T23:45:00Z 9.000000                                        ...
    <string>             <float>                                         ...

Not Showing: Chiller_Chilled_Water_Supply_Temperature_Sensor <float>
} {CCP2_CH06 [4x3] DataFrame

    Time                 Chiller_Chilled_Water_Return_Temperature_Sensor ...
 0: 2018-12-31T23:00:00Z 9.600000                                        ...
 1: 2018-12-31T23:15:00Z 9.600000                                        ...
 2: 2018-12-31T23:30:00Z 9.600000                                        ...
 3: 2018-12-31T23:45:00Z 9.600000                                        ...
    <string>             <float>                                         ...

Not Showing: Chiller_Chilled_Water_Supply_Temperature_Sensor <float>
}]
2022-10-02 02:10:01.467  LogInfo: function HKDL_GetChillerDeltaT data: [4x2] DataFrame

    Value    Time
 0: 0.300000 2018-12-31T23:00:00Z
 1: 0.300000 2018-12-31T23:15:00Z
 2: 0.300000 2018-12-31T23:30:00Z
 3: 0.300000 2018-12-31T23:45:00Z
    <float>  <string>

2022-10-02 02:10:01.467  LogInfo: function HKDL_GetChillerDeltaT data: [4x2] DataFrame

    Value    Time
 0: 0.000000 2018-12-31T23:00:00Z
 1: 0.000000 2018-12-31T23:15:00Z
 2: 0.000000 2018-12-31T23:30:00Z
 3: 0.000000 2018-12-31T23:45:00Z
    <float>  <string>

2022-10-02 02:10:01.468  LogInfo: function HKDL_GetChillerDeltaT data: [4x2] DataFrame

    Value    Time
 0: 4.600000 2018-12-31T23:00:00Z
 1: 4.500000 2018-12-31T23:15:00Z
 2: 4.400000 2018-12-31T23:30:00Z
 3: 4.400000 2018-12-31T23:45:00Z
    <float>  <string>

2022-10-02 02:10:01.468  LogInfo: function HKDL_GetChillerDeltaT data: [4x2] DataFrame

    Value    Time
 0: 0.300000 2018-12-31T23:00:00Z
 1: 0.300000 2018-12-31T23:15:00Z
 2: 0.300000 2018-12-31T23:30:00Z
 3: 0.300000 2018-12-31T23:45:00Z
    <float>  <string>

2022-10-02 02:10:01.468  LogInfo: function HKDL_GetChillerDeltaT data: [4x2] DataFrame

    Value    Time
 0: 0.100000 2018-12-31T23:00:00Z
 1: 0.100000 2018-12-31T23:15:00Z
 2: 0.000000 2018-12-31T23:30:00Z
 3: 0.000000 2018-12-31T23:45:00Z
    <float>  <string>

2022-10-02 02:10:01.468  LogInfo: function HKDL_GetChillerDeltaT data: [4x2] DataFrame

    Value    Time
 0: 0.000000 2018-12-31T23:00:00Z
 1: 0.000000 2018-12-31T23:15:00Z
 2: 0.000000 2018-12-31T23:30:00Z
 3: 0.000000 2018-12-31T23:45:00Z
    <float>  <string>

2022-10-02 02:10:01.468  LogInfo: function HKDL_GetChillerDeltaT data: [4x2] DataFrame

    Value     Time
 0: -0.700000 2018-12-31T23:00:00Z
 1: -0.700000 2018-12-31T23:15:00Z
 2: -0.700000 2018-12-31T23:30:00Z
 3: -0.800000 2018-12-31T23:45:00Z
    <float>   <string>

2022-10-02 02:10:01.468  LogInfo: function HKDL_GetChillerDeltaT data: [4x2] DataFrame

    Value   Time
 0: NaN     2018-12-31T23:00:00Z
 1: NaN     2018-12-31T23:15:00Z
 2: NaN     2018-12-31T23:30:00Z
 3: NaN     2018-12-31T23:45:00Z
    <float> <string>

2022-10-02 02:10:01.468  LogInfo: function HKDL_GetChillerDeltaT data: [4x2] DataFrame

    Value     Time
 0: -1.900000 2018-12-31T23:00:00Z
 1: -1.900000 2018-12-31T23:15:00Z
 2: -1.900000 2018-12-31T23:30:00Z
 3: -1.800000 2018-12-31T23:45:00Z
    <float>   <string>

2022-10-02 02:10:01.469  LogInfo: function HKDL_GetChillerDeltaT data: [4x2] DataFrame

    Value    Time
 0: 2.700000 2018-12-31T23:00:00Z
 1: 2.800000 2018-12-31T23:15:00Z
 2: 2.800000 2018-12-31T23:30:00Z
 3: 2.800000 2018-12-31T23:45:00Z
    <float>  <string>

2022-10-02 02:10:01.469  LogInfo: function HKDL_GetChillerDeltaT data: [4x2] DataFrame

    Value    Time
 0: 1.100000 2018-12-31T23:00:00Z
 1: 3.000000 2018-12-31T23:15:00Z
 2: 2.600000 2018-12-31T23:30:00Z
 3: 0.800000 2018-12-31T23:45:00Z
    <float>  <string>

2022-10-02 02:10:01.470  LogInfo: function HKDL_GetChillerDeltaT data: [4x2] DataFrame

    Value     Time
 0: -7.200000 2018-12-31T23:00:00Z
 1: -7.200000 2018-12-31T23:15:00Z
 2: -7.200000 2018-12-31T23:30:00Z
 3: -7.100000 2018-12-31T23:45:00Z
    <float>   <string>

2022-10-02 02:10:01.470  LogInfo: function HKDL_GetChillerDeltaT data: [4x2] DataFrame

    Value     Time
 0: -6.600000 2018-12-31T23:00:00Z
 1: -6.500000 2018-12-31T23:15:00Z
 2: -6.600000 2018-12-31T23:30:00Z
 3: -6.500000 2018-12-31T23:45:00Z
    <float>   <string>

2022-10-02 02:10:02.255  LogInfo: END function HKDL_GetChillerDeltaT
2022-10-02 02:10:45.327  LogInfo: START function HKDL_GetChillerDeltaT
2022-10-02 02:10:45.627  LogInfo: function HKDL_GetChillerDeltaT data: [{CCP1_CH01 [4x3] DataFrame

    Time                 Chiller_Chilled_Water_Return_Temperature_Sensor ...
 0: 2018-12-31T23:00:00Z 18.100000                                       ...
 1: 2018-12-31T23:15:00Z 18.100000                                       ...
 2: 2018-12-31T23:30:00Z 18.100000                                       ...
 3: 2018-12-31T23:45:00Z 18.100000                                       ...
    <string>             <float>                                         ...

Not Showing: Chiller_Chilled_Water_Supply_Temperature_Sensor <float>
} {CCP1_CH02 [4x3] DataFrame

    Time                 Chiller_Chilled_Water_Return_Temperature_Sensor ...
 0: 2018-12-31T23:00:00Z 12.700000                                       ...
 1: 2018-12-31T23:15:00Z 12.700000                                       ...
 2: 2018-12-31T23:30:00Z 12.700000                                       ...
 3: 2018-12-31T23:45:00Z 12.700000                                       ...
    <string>             <float>                                         ...

Not Showing: Chiller_Chilled_Water_Supply_Temperature_Sensor <float>
} {CCP1_CH03 [4x3] DataFrame

    Time                 Chiller_Chilled_Water_Return_Temperature_Sensor ...
 0: 2018-12-31T23:00:00Z 12.500000                                       ...
 1: 2018-12-31T23:15:00Z 12.500000                                       ...
 2: 2018-12-31T23:30:00Z 12.400000                                       ...
 3: 2018-12-31T23:45:00Z 12.400000                                       ...
    <string>             <float>                                         ...

Not Showing: Chiller_Chilled_Water_Supply_Temperature_Sensor <float>
} {CCP1_CH04 [4x3] DataFrame

    Time                 Chiller_Chilled_Water_Return_Temperature_Sensor ...
 0: 2018-12-31T23:00:00Z 19.600000                                       ...
 1: 2018-12-31T23:15:00Z 19.600000                                       ...
 2: 2018-12-31T23:30:00Z 19.600000                                       ...
 3: 2018-12-31T23:45:00Z 19.600000                                       ...
    <string>             <float>                                         ...

Not Showing: Chiller_Chilled_Water_Supply_Temperature_Sensor <float>
} {CCP1_CH05 [4x3] DataFrame

    Time                 Chiller_Chilled_Water_Return_Temperature_Sensor ...
 0: 2018-12-31T23:00:00Z 19.700000                                       ...
 1: 2018-12-31T23:15:00Z 19.700000                                       ...
 2: 2018-12-31T23:30:00Z 19.600000                                       ...
 3: 2018-12-31T23:45:00Z 19.600000                                       ...
    <string>             <float>                                         ...

Not Showing: Chiller_Chilled_Water_Supply_Temperature_Sensor <float>
} {CCP1_CH06 [4x3] DataFrame

    Time                 Chiller_Chilled_Water_Return_Temperature_Sensor ...
 0: 2018-12-31T23:00:00Z 19.300000                                       ...
 1: 2018-12-31T23:15:00Z 19.300000                                       ...
 2: 2018-12-31T23:30:00Z 19.300000                                       ...
 3: 2018-12-31T23:45:00Z 19.300000                                       ...
    <string>             <float>                                         ...

Not Showing: Chiller_Chilled_Water_Supply_Temperature_Sensor <float>
} {CCP1_CH07 [4x3] DataFrame

    Time                 Chiller_Chilled_Water_Return_Temperature_Sensor ...
 0: 2018-12-31T23:00:00Z 19.700000                                       ...
 1: 2018-12-31T23:15:00Z 19.700000                                       ...
 2: 2018-12-31T23:30:00Z 19.700000                                       ...
 3: 2018-12-31T23:45:00Z 19.600000                                       ...
    <string>             <float>                                         ...

Not Showing: Chiller_Chilled_Water_Supply_Temperature_Sensor <float>
} {CCP2_CH01 [4x2] DataFrame

    Time                 Chiller_Chilled_Water_Return_Temperature_Sensor
 0: 2018-12-31T23:00:00Z 19.800000
 1: 2018-12-31T23:15:00Z 19.800000
 2: 2018-12-31T23:30:00Z 19.800000
 3: 2018-12-31T23:45:00Z 19.800000
    <string>             <float>
} {CCP2_CH02 [4x3] DataFrame

    Time                 Chiller_Chilled_Water_Return_Temperature_Sensor ...
 0: 2018-12-31T23:00:00Z 20.100000                                       ...
 1: 2018-12-31T23:15:00Z 20.100000                                       ...
 2: 2018-12-31T23:30:00Z 20.100000                                       ...
 3: 2018-12-31T23:45:00Z 20.100000                                       ...
    <string>             <float>                                         ...

Not Showing: Chiller_Chilled_Water_Supply_Temperature_Sensor <float>
} {CCP2_CH03 [4x3] DataFrame

    Time                 Chiller_Chilled_Water_Return_Temperature_Sensor ...
 0: 2018-12-31T23:00:00Z 21.100000                                       ...
 1: 2018-12-31T23:15:00Z 21.100000                                       ...
 2: 2018-12-31T23:30:00Z 21.100000                                       ...
 3: 2018-12-31T23:45:00Z 21.100000                                       ...
    <string>             <float>                                         ...

Not Showing: Chiller_Chilled_Water_Supply_Temperature_Sensor <float>
} {CCP2_CH04 [4x3] DataFrame

    Time                 Chiller_Chilled_Water_Return_Temperature_Sensor ...
 0: 2018-12-31T23:00:00Z 8.600000                                        ...
 1: 2018-12-31T23:15:00Z 8.900000                                        ...
 2: 2018-12-31T23:30:00Z 8.700000                                        ...
 3: 2018-12-31T23:45:00Z 8.600000                                        ...
    <string>             <float>                                         ...

Not Showing: Chiller_Chilled_Water_Supply_Temperature_Sensor <float>
} {CCP2_CH05 [4x3] DataFrame

    Time                 Chiller_Chilled_Water_Return_Temperature_Sensor ...
 0: 2018-12-31T23:00:00Z 9.000000                                        ...
 1: 2018-12-31T23:15:00Z 9.000000                                        ...
 2: 2018-12-31T23:30:00Z 9.000000                                        ...
 3: 2018-12-31T23:45:00Z 9.000000                                        ...
    <string>             <float>                                         ...

Not Showing: Chiller_Chilled_Water_Supply_Temperature_Sensor <float>
} {CCP2_CH06 [4x3] DataFrame

    Time                 Chiller_Chilled_Water_Return_Temperature_Sensor ...
 0: 2018-12-31T23:00:00Z 9.600000                                        ...
 1: 2018-12-31T23:15:00Z 9.600000                                        ...
 2: 2018-12-31T23:30:00Z 9.600000                                        ...
 3: 2018-12-31T23:45:00Z 9.600000                                        ...
    <string>             <float>                                         ...

Not Showing: Chiller_Chilled_Water_Supply_Temperature_Sensor <float>
}]
2022-10-02 02:10:45.629  LogInfo: function HKDL_GetChillerDeltaT data: [4x2] DataFrame

    Value    Time
 0: 0.300000 2018-12-31T23:00:00Z
 1: 0.300000 2018-12-31T23:15:00Z
 2: 0.300000 2018-12-31T23:30:00Z
 3: 0.300000 2018-12-31T23:45:00Z
    <float>  <string>

2022-10-02 02:10:45.629  LogInfo: function HKDL_GetChillerDeltaT data: [4x2] DataFrame

    Value    Time
 0: 0.000000 2018-12-31T23:00:00Z
 1: 0.000000 2018-12-31T23:15:00Z
 2: 0.000000 2018-12-31T23:30:00Z
 3: 0.000000 2018-12-31T23:45:00Z
    <float>  <string>

2022-10-02 02:10:45.629  LogInfo: function HKDL_GetChillerDeltaT data: [4x2] DataFrame

    Value    Time
 0: 4.600000 2018-12-31T23:00:00Z
 1: 4.500000 2018-12-31T23:15:00Z
 2: 4.400000 2018-12-31T23:30:00Z
 3: 4.400000 2018-12-31T23:45:00Z
    <float>  <string>

2022-10-02 02:10:45.630  LogInfo: function HKDL_GetChillerDeltaT data: [4x2] DataFrame

    Value    Time
 0: 0.300000 2018-12-31T23:00:00Z
 1: 0.300000 2018-12-31T23:15:00Z
 2: 0.300000 2018-12-31T23:30:00Z
 3: 0.300000 2018-12-31T23:45:00Z
    <float>  <string>

2022-10-02 02:10:45.630  LogInfo: function HKDL_GetChillerDeltaT data: [4x2] DataFrame

    Value    Time
 0: 0.100000 2018-12-31T23:00:00Z
 1: 0.100000 2018-12-31T23:15:00Z
 2: 0.000000 2018-12-31T23:30:00Z
 3: 0.000000 2018-12-31T23:45:00Z
    <float>  <string>

2022-10-02 02:10:45.630  LogInfo: function HKDL_GetChillerDeltaT data: [4x2] DataFrame

    Value    Time
 0: 0.000000 2018-12-31T23:00:00Z
 1: 0.000000 2018-12-31T23:15:00Z
 2: 0.000000 2018-12-31T23:30:00Z
 3: 0.000000 2018-12-31T23:45:00Z
    <float>  <string>

2022-10-02 02:10:45.630  LogInfo: function HKDL_GetChillerDeltaT data: [4x2] DataFrame

    Value     Time
 0: -0.700000 2018-12-31T23:00:00Z
 1: -0.700000 2018-12-31T23:15:00Z
 2: -0.700000 2018-12-31T23:30:00Z
 3: -0.800000 2018-12-31T23:45:00Z
    <float>   <string>

2022-10-02 02:10:45.630  LogInfo: function HKDL_GetChillerDeltaT data: [4x2] DataFrame

    Value   Time
 0: NaN     2018-12-31T23:00:00Z
 1: NaN     2018-12-31T23:15:00Z
 2: NaN     2018-12-31T23:30:00Z
 3: NaN     2018-12-31T23:45:00Z
    <float> <string>

2022-10-02 02:10:45.630  LogInfo: function HKDL_GetChillerDeltaT data: [4x2] DataFrame

    Value     Time
 0: -1.900000 2018-12-31T23:00:00Z
 1: -1.900000 2018-12-31T23:15:00Z
 2: -1.900000 2018-12-31T23:30:00Z
 3: -1.800000 2018-12-31T23:45:00Z
    <float>   <string>

2022-10-02 02:10:45.630  LogInfo: function HKDL_GetChillerDeltaT data: [4x2] DataFrame

    Value    Time
 0: 2.700000 2018-12-31T23:00:00Z
 1: 2.800000 2018-12-31T23:15:00Z
 2: 2.800000 2018-12-31T23:30:00Z
 3: 2.800000 2018-12-31T23:45:00Z
    <float>  <string>

2022-10-02 02:10:45.631  LogInfo: function HKDL_GetChillerDeltaT data: [4x2] DataFrame

    Value    Time
 0: 1.100000 2018-12-31T23:00:00Z
 1: 3.000000 2018-12-31T23:15:00Z
 2: 2.600000 2018-12-31T23:30:00Z
 3: 0.800000 2018-12-31T23:45:00Z
    <float>  <string>

2022-10-02 02:10:45.631  LogInfo: function HKDL_GetChillerDeltaT data: [4x2] DataFrame

    Value     Time
 0: -7.200000 2018-12-31T23:00:00Z
 1: -7.200000 2018-12-31T23:15:00Z
 2: -7.200000 2018-12-31T23:30:00Z
 3: -7.100000 2018-12-31T23:45:00Z
    <float>   <string>

2022-10-02 02:10:45.631  LogInfo: function HKDL_GetChillerDeltaT data: [4x2] DataFrame

    Value     Time
 0: -6.600000 2018-12-31T23:00:00Z
 1: -6.500000 2018-12-31T23:15:00Z
 2: -6.600000 2018-12-31T23:30:00Z
 3: -6.500000 2018-12-31T23:45:00Z
    <float>   <string>

2022-10-02 02:10:46.204  LogInfo: END function HKDL_GetChillerDeltaT
2022-10-02 02:11:34.435  LogInfo: START function HKDL_GetChillerDeltaT
2022-10-02 02:11:34.676  LogInfo: function HKDL_GetChillerDeltaT data: [{CCP1_CH01 [4x3] DataFrame

    Time                 Chiller_Chilled_Water_Return_Temperature_Sensor ...
 0: 2018-12-31T23:00:00Z 18.100000                                       ...
 1: 2018-12-31T23:15:00Z 18.100000                                       ...
 2: 2018-12-31T23:30:00Z 18.100000                                       ...
 3: 2018-12-31T23:45:00Z 18.100000                                       ...
    <string>             <float>                                         ...

Not Showing: Chiller_Chilled_Water_Supply_Temperature_Sensor <float>
} {CCP1_CH02 [4x3] DataFrame

    Time                 Chiller_Chilled_Water_Return_Temperature_Sensor ...
 0: 2018-12-31T23:00:00Z 12.700000                                       ...
 1: 2018-12-31T23:15:00Z 12.700000                                       ...
 2: 2018-12-31T23:30:00Z 12.700000                                       ...
 3: 2018-12-31T23:45:00Z 12.700000                                       ...
    <string>             <float>                                         ...

Not Showing: Chiller_Chilled_Water_Supply_Temperature_Sensor <float>
} {CCP1_CH03 [4x3] DataFrame

    Time                 Chiller_Chilled_Water_Return_Temperature_Sensor ...
 0: 2018-12-31T23:00:00Z 12.500000                                       ...
 1: 2018-12-31T23:15:00Z 12.500000                                       ...
 2: 2018-12-31T23:30:00Z 12.400000                                       ...
 3: 2018-12-31T23:45:00Z 12.400000                                       ...
    <string>             <float>                                         ...

Not Showing: Chiller_Chilled_Water_Supply_Temperature_Sensor <float>
} {CCP1_CH04 [4x3] DataFrame

    Time                 Chiller_Chilled_Water_Return_Temperature_Sensor ...
 0: 2018-12-31T23:00:00Z 19.600000                                       ...
 1: 2018-12-31T23:15:00Z 19.600000                                       ...
 2: 2018-12-31T23:30:00Z 19.600000                                       ...
 3: 2018-12-31T23:45:00Z 19.600000                                       ...
    <string>             <float>                                         ...

Not Showing: Chiller_Chilled_Water_Supply_Temperature_Sensor <float>
} {CCP1_CH05 [4x3] DataFrame

    Time                 Chiller_Chilled_Water_Return_Temperature_Sensor ...
 0: 2018-12-31T23:00:00Z 19.700000                                       ...
 1: 2018-12-31T23:15:00Z 19.700000                                       ...
 2: 2018-12-31T23:30:00Z 19.600000                                       ...
 3: 2018-12-31T23:45:00Z 19.600000                                       ...
    <string>             <float>                                         ...

Not Showing: Chiller_Chilled_Water_Supply_Temperature_Sensor <float>
} {CCP1_CH06 [4x3] DataFrame

    Time                 Chiller_Chilled_Water_Return_Temperature_Sensor ...
 0: 2018-12-31T23:00:00Z 19.300000                                       ...
 1: 2018-12-31T23:15:00Z 19.300000                                       ...
 2: 2018-12-31T23:30:00Z 19.300000                                       ...
 3: 2018-12-31T23:45:00Z 19.300000                                       ...
    <string>             <float>                                         ...

Not Showing: Chiller_Chilled_Water_Supply_Temperature_Sensor <float>
} {CCP1_CH07 [4x3] DataFrame

    Time                 Chiller_Chilled_Water_Return_Temperature_Sensor ...
 0: 2018-12-31T23:00:00Z 19.700000                                       ...
 1: 2018-12-31T23:15:00Z 19.700000                                       ...
 2: 2018-12-31T23:30:00Z 19.700000                                       ...
 3: 2018-12-31T23:45:00Z 19.600000                                       ...
    <string>             <float>                                         ...

Not Showing: Chiller_Chilled_Water_Supply_Temperature_Sensor <float>
} {CCP2_CH01 [4x2] DataFrame

    Time                 Chiller_Chilled_Water_Return_Temperature_Sensor
 0: 2018-12-31T23:00:00Z 19.800000
 1: 2018-12-31T23:15:00Z 19.800000
 2: 2018-12-31T23:30:00Z 19.800000
 3: 2018-12-31T23:45:00Z 19.800000
    <string>             <float>
} {CCP2_CH02 [4x3] DataFrame

    Time                 Chiller_Chilled_Water_Return_Temperature_Sensor ...
 0: 2018-12-31T23:00:00Z 20.100000                                       ...
 1: 2018-12-31T23:15:00Z 20.100000                                       ...
 2: 2018-12-31T23:30:00Z 20.100000                                       ...
 3: 2018-12-31T23:45:00Z 20.100000                                       ...
    <string>             <float>                                         ...

Not Showing: Chiller_Chilled_Water_Supply_Temperature_Sensor <float>
} {CCP2_CH03 [4x3] DataFrame

    Time                 Chiller_Chilled_Water_Return_Temperature_Sensor ...
 0: 2018-12-31T23:00:00Z 21.100000                                       ...
 1: 2018-12-31T23:15:00Z 21.100000                                       ...
 2: 2018-12-31T23:30:00Z 21.100000                                       ...
 3: 2018-12-31T23:45:00Z 21.100000                                       ...
    <string>             <float>                                         ...

Not Showing: Chiller_Chilled_Water_Supply_Temperature_Sensor <float>
} {CCP2_CH04 [4x3] DataFrame

    Time                 Chiller_Chilled_Water_Return_Temperature_Sensor ...
 0: 2018-12-31T23:00:00Z 8.600000                                        ...
 1: 2018-12-31T23:15:00Z 8.900000                                        ...
 2: 2018-12-31T23:30:00Z 8.700000                                        ...
 3: 2018-12-31T23:45:00Z 8.600000                                        ...
    <string>             <float>                                         ...

Not Showing: Chiller_Chilled_Water_Supply_Temperature_Sensor <float>
} {CCP2_CH05 [4x3] DataFrame

    Time                 Chiller_Chilled_Water_Return_Temperature_Sensor ...
 0: 2018-12-31T23:00:00Z 9.000000                                        ...
 1: 2018-12-31T23:15:00Z 9.000000                                        ...
 2: 2018-12-31T23:30:00Z 9.000000                                        ...
 3: 2018-12-31T23:45:00Z 9.000000                                        ...
    <string>             <float>                                         ...

Not Showing: Chiller_Chilled_Water_Supply_Temperature_Sensor <float>
} {CCP2_CH06 [4x3] DataFrame

    Time                 Chiller_Chilled_Water_Return_Temperature_Sensor ...
 0: 2018-12-31T23:00:00Z 9.600000                                        ...
 1: 2018-12-31T23:15:00Z 9.600000                                        ...
 2: 2018-12-31T23:30:00Z 9.600000                                        ...
 3: 2018-12-31T23:45:00Z 9.600000                                        ...
    <string>             <float>                                         ...

Not Showing: Chiller_Chilled_Water_Supply_Temperature_Sensor <float>
}]
2022-10-02 02:11:34.677  LogInfo: function HKDL_GetChillerDeltaT data: [4x2] DataFrame

    Value    Time
 0: 0.300000 2018-12-31T23:00:00Z
 1: 0.300000 2018-12-31T23:15:00Z
 2: 0.300000 2018-12-31T23:30:00Z
 3: 0.300000 2018-12-31T23:45:00Z
    <float>  <string>

2022-10-02 02:11:34.678  LogInfo: function HKDL_GetChillerDeltaT data: [4x2] DataFrame

    Value    Time
 0: 0.000000 2018-12-31T23:00:00Z
 1: 0.000000 2018-12-31T23:15:00Z
 2: 0.000000 2018-12-31T23:30:00Z
 3: 0.000000 2018-12-31T23:45:00Z
    <float>  <string>

2022-10-02 02:11:34.678  LogInfo: function HKDL_GetChillerDeltaT data: [4x2] DataFrame

    Value    Time
 0: 4.600000 2018-12-31T23:00:00Z
 1: 4.500000 2018-12-31T23:15:00Z
 2: 4.400000 2018-12-31T23:30:00Z
 3: 4.400000 2018-12-31T23:45:00Z
    <float>  <string>

2022-10-02 02:11:34.678  LogInfo: function HKDL_GetChillerDeltaT data: [4x2] DataFrame

    Value    Time
 0: 0.300000 2018-12-31T23:00:00Z
 1: 0.300000 2018-12-31T23:15:00Z
 2: 0.300000 2018-12-31T23:30:00Z
 3: 0.300000 2018-12-31T23:45:00Z
    <float>  <string>

2022-10-02 02:11:34.678  LogInfo: function HKDL_GetChillerDeltaT data: [4x2] DataFrame

    Value    Time
 0: 0.100000 2018-12-31T23:00:00Z
 1: 0.100000 2018-12-31T23:15:00Z
 2: 0.000000 2018-12-31T23:30:00Z
 3: 0.000000 2018-12-31T23:45:00Z
    <float>  <string>

2022-10-02 02:11:34.678  LogInfo: function HKDL_GetChillerDeltaT data: [4x2] DataFrame

    Value    Time
 0: 0.000000 2018-12-31T23:00:00Z
 1: 0.000000 2018-12-31T23:15:00Z
 2: 0.000000 2018-12-31T23:30:00Z
 3: 0.000000 2018-12-31T23:45:00Z
    <float>  <string>

2022-10-02 02:11:34.678  LogInfo: function HKDL_GetChillerDeltaT data: [4x2] DataFrame

    Value     Time
 0: -0.700000 2018-12-31T23:00:00Z
 1: -0.700000 2018-12-31T23:15:00Z
 2: -0.700000 2018-12-31T23:30:00Z
 3: -0.800000 2018-12-31T23:45:00Z
    <float>   <string>

2022-10-02 02:11:34.678  LogInfo: function HKDL_GetChillerDeltaT data: [4x2] DataFrame

    Value   Time
 0: NaN     2018-12-31T23:00:00Z
 1: NaN     2018-12-31T23:15:00Z
 2: NaN     2018-12-31T23:30:00Z
 3: NaN     2018-12-31T23:45:00Z
    <float> <string>

2022-10-02 02:11:34.678  LogInfo: function HKDL_GetChillerDeltaT data: [4x2] DataFrame

    Value     Time
 0: -1.900000 2018-12-31T23:00:00Z
 1: -1.900000 2018-12-31T23:15:00Z
 2: -1.900000 2018-12-31T23:30:00Z
 3: -1.800000 2018-12-31T23:45:00Z
    <float>   <string>

2022-10-02 02:11:34.678  LogInfo: function HKDL_GetChillerDeltaT data: [4x2] DataFrame

    Value    Time
 0: 2.700000 2018-12-31T23:00:00Z
 1: 2.800000 2018-12-31T23:15:00Z
 2: 2.800000 2018-12-31T23:30:00Z
 3: 2.800000 2018-12-31T23:45:00Z
    <float>  <string>

2022-10-02 02:11:34.678  LogInfo: function HKDL_GetChillerDeltaT data: [4x2] DataFrame

    Value    Time
 0: 1.100000 2018-12-31T23:00:00Z
 1: 3.000000 2018-12-31T23:15:00Z
 2: 2.600000 2018-12-31T23:30:00Z
 3: 0.800000 2018-12-31T23:45:00Z
    <float>  <string>

2022-10-02 02:11:34.678  LogInfo: function HKDL_GetChillerDeltaT data: [4x2] DataFrame

    Value     Time
 0: -7.200000 2018-12-31T23:00:00Z
 1: -7.200000 2018-12-31T23:15:00Z
 2: -7.200000 2018-12-31T23:30:00Z
 3: -7.100000 2018-12-31T23:45:00Z
    <float>   <string>

2022-10-02 02:11:34.678  LogInfo: function HKDL_GetChillerDeltaT data: [4x2] DataFrame

    Value     Time
 0: -6.600000 2018-12-31T23:00:00Z
 1: -6.500000 2018-12-31T23:15:00Z
 2: -6.600000 2018-12-31T23:30:00Z
 3: -6.500000 2018-12-31T23:45:00Z
    <float>   <string>

2022-10-02 02:11:35.325  LogInfo: END function HKDL_GetChillerDeltaT
2022-10-02 02:11:55.157  LogInfo: START function HKDL_GetChillerDeltaT
2022-10-02 02:13:07.876  LogInfo: START function HKDL_GetChillerDeltaT
2022-10-02 02:18:11.675  LogInfo: START function HKDL_GetChillerDeltaT
2022-10-02 02:21:19.598  LogInfo: START function HKDL_GetChillerDeltaT
2022-10-02 02:21:19.838  LogInfo: function HKDL_GetChillerDeltaT data: [{CCP1_CH01 [4x3] DataFrame

    Time                 Chiller_Chilled_Water_Return_Temperature_Sensor ...
 0: 2018-12-31T23:00:00Z 18.100000                                       ...
 1: 2018-12-31T23:15:00Z 18.100000                                       ...
 2: 2018-12-31T23:30:00Z 18.100000                                       ...
 3: 2018-12-31T23:45:00Z 18.100000                                       ...
    <string>             <float>                                         ...

Not Showing: Chiller_Chilled_Water_Supply_Temperature_Sensor <float>
} {CCP1_CH02 [4x3] DataFrame

    Time                 Chiller_Chilled_Water_Return_Temperature_Sensor ...
 0: 2018-12-31T23:00:00Z 12.700000                                       ...
 1: 2018-12-31T23:15:00Z 12.700000                                       ...
 2: 2018-12-31T23:30:00Z 12.700000                                       ...
 3: 2018-12-31T23:45:00Z 12.700000                                       ...
    <string>             <float>                                         ...

Not Showing: Chiller_Chilled_Water_Supply_Temperature_Sensor <float>
} {CCP1_CH03 [4x3] DataFrame

    Time                 Chiller_Chilled_Water_Return_Temperature_Sensor ...
 0: 2018-12-31T23:00:00Z 12.500000                                       ...
 1: 2018-12-31T23:15:00Z 12.500000                                       ...
 2: 2018-12-31T23:30:00Z 12.400000                                       ...
 3: 2018-12-31T23:45:00Z 12.400000                                       ...
    <string>             <float>                                         ...

Not Showing: Chiller_Chilled_Water_Supply_Temperature_Sensor <float>
} {CCP1_CH04 [4x3] DataFrame

    Time                 Chiller_Chilled_Water_Return_Temperature_Sensor ...
 0: 2018-12-31T23:00:00Z 19.600000                                       ...
 1: 2018-12-31T23:15:00Z 19.600000                                       ...
 2: 2018-12-31T23:30:00Z 19.600000                                       ...
 3: 2018-12-31T23:45:00Z 19.600000                                       ...
    <string>             <float>                                         ...

Not Showing: Chiller_Chilled_Water_Supply_Temperature_Sensor <float>
} {CCP1_CH05 [4x3] DataFrame

    Time                 Chiller_Chilled_Water_Return_Temperature_Sensor ...
 0: 2018-12-31T23:00:00Z 19.700000                                       ...
 1: 2018-12-31T23:15:00Z 19.700000                                       ...
 2: 2018-12-31T23:30:00Z 19.600000                                       ...
 3: 2018-12-31T23:45:00Z 19.600000                                       ...
    <string>             <float>                                         ...

Not Showing: Chiller_Chilled_Water_Supply_Temperature_Sensor <float>
} {CCP1_CH06 [4x3] DataFrame

    Time                 Chiller_Chilled_Water_Return_Temperature_Sensor ...
 0: 2018-12-31T23:00:00Z 19.300000                                       ...
 1: 2018-12-31T23:15:00Z 19.300000                                       ...
 2: 2018-12-31T23:30:00Z 19.300000                                       ...
 3: 2018-12-31T23:45:00Z 19.300000                                       ...
    <string>             <float>                                         ...

Not Showing: Chiller_Chilled_Water_Supply_Temperature_Sensor <float>
} {CCP1_CH07 [4x3] DataFrame

    Time                 Chiller_Chilled_Water_Return_Temperature_Sensor ...
 0: 2018-12-31T23:00:00Z 19.700000                                       ...
 1: 2018-12-31T23:15:00Z 19.700000                                       ...
 2: 2018-12-31T23:30:00Z 19.700000                                       ...
 3: 2018-12-31T23:45:00Z 19.600000                                       ...
    <string>             <float>                                         ...

Not Showing: Chiller_Chilled_Water_Supply_Temperature_Sensor <float>
} {CCP2_CH01 [4x2] DataFrame

    Time                 Chiller_Chilled_Water_Return_Temperature_Sensor
 0: 2018-12-31T23:00:00Z 19.800000
 1: 2018-12-31T23:15:00Z 19.800000
 2: 2018-12-31T23:30:00Z 19.800000
 3: 2018-12-31T23:45:00Z 19.800000
    <string>             <float>
} {CCP2_CH02 [4x3] DataFrame

    Time                 Chiller_Chilled_Water_Return_Temperature_Sensor ...
 0: 2018-12-31T23:00:00Z 20.100000                                       ...
 1: 2018-12-31T23:15:00Z 20.100000                                       ...
 2: 2018-12-31T23:30:00Z 20.100000                                       ...
 3: 2018-12-31T23:45:00Z 20.100000                                       ...
    <string>             <float>                                         ...

Not Showing: Chiller_Chilled_Water_Supply_Temperature_Sensor <float>
} {CCP2_CH03 [4x3] DataFrame

    Time                 Chiller_Chilled_Water_Return_Temperature_Sensor ...
 0: 2018-12-31T23:00:00Z 21.100000                                       ...
 1: 2018-12-31T23:15:00Z 21.100000                                       ...
 2: 2018-12-31T23:30:00Z 21.100000                                       ...
 3: 2018-12-31T23:45:00Z 21.100000                                       ...
    <string>             <float>                                         ...

Not Showing: Chiller_Chilled_Water_Supply_Temperature_Sensor <float>
} {CCP2_CH04 [4x3] DataFrame

    Time                 Chiller_Chilled_Water_Return_Temperature_Sensor ...
 0: 2018-12-31T23:00:00Z 8.600000                                        ...
 1: 2018-12-31T23:15:00Z 8.900000                                        ...
 2: 2018-12-31T23:30:00Z 8.700000                                        ...
 3: 2018-12-31T23:45:00Z 8.600000                                        ...
    <string>             <float>                                         ...

Not Showing: Chiller_Chilled_Water_Supply_Temperature_Sensor <float>
} {CCP2_CH05 [4x3] DataFrame

    Time                 Chiller_Chilled_Water_Return_Temperature_Sensor ...
 0: 2018-12-31T23:00:00Z 9.000000                                        ...
 1: 2018-12-31T23:15:00Z 9.000000                                        ...
 2: 2018-12-31T23:30:00Z 9.000000                                        ...
 3: 2018-12-31T23:45:00Z 9.000000                                        ...
    <string>             <float>                                         ...

Not Showing: Chiller_Chilled_Water_Supply_Temperature_Sensor <float>
} {CCP2_CH06 [4x3] DataFrame

    Time                 Chiller_Chilled_Water_Return_Temperature_Sensor ...
 0: 2018-12-31T23:00:00Z 9.600000                                        ...
 1: 2018-12-31T23:15:00Z 9.600000                                        ...
 2: 2018-12-31T23:30:00Z 9.600000                                        ...
 3: 2018-12-31T23:45:00Z 9.600000                                        ...
    <string>             <float>                                         ...

Not Showing: Chiller_Chilled_Water_Supply_Temperature_Sensor <float>
}]
2022-10-02 02:21:19.839  LogInfo: function HKDL_GetChillerDeltaT data: [4x2] DataFrame

    Value    Time
 0: 0.300000 2018-12-31T23:00:00Z
 1: 0.300000 2018-12-31T23:15:00Z
 2: 0.300000 2018-12-31T23:30:00Z
 3: 0.300000 2018-12-31T23:45:00Z
    <float>  <string>

2022-10-02 02:21:19.839  LogInfo: function HKDL_GetChillerDeltaT data: [4x2] DataFrame

    Value    Time
 0: 0.000000 2018-12-31T23:00:00Z
 1: 0.000000 2018-12-31T23:15:00Z
 2: 0.000000 2018-12-31T23:30:00Z
 3: 0.000000 2018-12-31T23:45:00Z
    <float>  <string>

2022-10-02 02:21:19.839  LogInfo: function HKDL_GetChillerDeltaT data: [4x2] DataFrame

    Value    Time
 0: 4.600000 2018-12-31T23:00:00Z
 1: 4.500000 2018-12-31T23:15:00Z
 2: 4.400000 2018-12-31T23:30:00Z
 3: 4.400000 2018-12-31T23:45:00Z
    <float>  <string>

2022-10-02 02:21:19.839  LogInfo: function HKDL_GetChillerDeltaT data: [4x2] DataFrame

    Value    Time
 0: 0.300000 2018-12-31T23:00:00Z
 1: 0.300000 2018-12-31T23:15:00Z
 2: 0.300000 2018-12-31T23:30:00Z
 3: 0.300000 2018-12-31T23:45:00Z
    <float>  <string>

2022-10-02 02:21:19.840  LogInfo: function HKDL_GetChillerDeltaT data: [4x2] DataFrame

    Value    Time
 0: 0.100000 2018-12-31T23:00:00Z
 1: 0.100000 2018-12-31T23:15:00Z
 2: 0.000000 2018-12-31T23:30:00Z
 3: 0.000000 2018-12-31T23:45:00Z
    <float>  <string>

2022-10-02 02:21:19.840  LogInfo: function HKDL_GetChillerDeltaT data: [4x2] DataFrame

    Value    Time
 0: 0.000000 2018-12-31T23:00:00Z
 1: 0.000000 2018-12-31T23:15:00Z
 2: 0.000000 2018-12-31T23:30:00Z
 3: 0.000000 2018-12-31T23:45:00Z
    <float>  <string>

2022-10-02 02:21:19.840  LogInfo: function HKDL_GetChillerDeltaT data: [4x2] DataFrame

    Value     Time
 0: -0.700000 2018-12-31T23:00:00Z
 1: -0.700000 2018-12-31T23:15:00Z
 2: -0.700000 2018-12-31T23:30:00Z
 3: -0.800000 2018-12-31T23:45:00Z
    <float>   <string>

2022-10-02 02:21:19.840  LogInfo: function HKDL_GetChillerDeltaT data: [4x2] DataFrame

    Value   Time
 0: NaN     2018-12-31T23:00:00Z
 1: NaN     2018-12-31T23:15:00Z
 2: NaN     2018-12-31T23:30:00Z
 3: NaN     2018-12-31T23:45:00Z
    <float> <string>

2022-10-02 02:21:19.840  LogInfo: function HKDL_GetChillerDeltaT data: [4x2] DataFrame

    Value     Time
 0: -1.900000 2018-12-31T23:00:00Z
 1: -1.900000 2018-12-31T23:15:00Z
 2: -1.900000 2018-12-31T23:30:00Z
 3: -1.800000 2018-12-31T23:45:00Z
    <float>   <string>

2022-10-02 02:21:19.841  LogInfo: function HKDL_GetChillerDeltaT data: [4x2] DataFrame

    Value    Time
 0: 2.700000 2018-12-31T23:00:00Z
 1: 2.800000 2018-12-31T23:15:00Z
 2: 2.800000 2018-12-31T23:30:00Z
 3: 2.800000 2018-12-31T23:45:00Z
    <float>  <string>

2022-10-02 02:21:19.841  LogInfo: function HKDL_GetChillerDeltaT data: [4x2] DataFrame

    Value    Time
 0: 1.100000 2018-12-31T23:00:00Z
 1: 3.000000 2018-12-31T23:15:00Z
 2: 2.600000 2018-12-31T23:30:00Z
 3: 0.800000 2018-12-31T23:45:00Z
    <float>  <string>

2022-10-02 02:21:19.841  LogInfo: function HKDL_GetChillerDeltaT data: [4x2] DataFrame

    Value     Time
 0: -7.200000 2018-12-31T23:00:00Z
 1: -7.200000 2018-12-31T23:15:00Z
 2: -7.200000 2018-12-31T23:30:00Z
 3: -7.100000 2018-12-31T23:45:00Z
    <float>   <string>

2022-10-02 02:21:19.841  LogInfo: function HKDL_GetChillerDeltaT data: [4x2] DataFrame

    Value     Time
 0: -6.600000 2018-12-31T23:00:00Z
 1: -6.500000 2018-12-31T23:15:00Z
 2: -6.600000 2018-12-31T23:30:00Z
 3: -6.500000 2018-12-31T23:45:00Z
    <float>   <string>

2022-10-02 02:21:20.596  LogInfo: END function HKDL_GetChillerDeltaT
2022-10-02 02:31:21.854  LogInfo: START function HKDL_GetChillerDeltaT
2022-10-02 02:31:22.165  LogInfo: function HKDL_GetChillerDeltaT data: [{CCP1_CH01 [4x3] DataFrame

    Time                 Chiller_Chilled_Water_Return_Temperature_Sensor ...
 0: 2018-12-31T23:00:00Z 18.100000                                       ...
 1: 2018-12-31T23:15:00Z 18.100000                                       ...
 2: 2018-12-31T23:30:00Z 18.100000                                       ...
 3: 2018-12-31T23:45:00Z 18.100000                                       ...
    <string>             <float>                                         ...

Not Showing: Chiller_Chilled_Water_Supply_Temperature_Sensor <float>
} {CCP1_CH02 [4x3] DataFrame

    Time                 Chiller_Chilled_Water_Return_Temperature_Sensor ...
 0: 2018-12-31T23:00:00Z 12.700000                                       ...
 1: 2018-12-31T23:15:00Z 12.700000                                       ...
 2: 2018-12-31T23:30:00Z 12.700000                                       ...
 3: 2018-12-31T23:45:00Z 12.700000                                       ...
    <string>             <float>                                         ...

Not Showing: Chiller_Chilled_Water_Supply_Temperature_Sensor <float>
} {CCP1_CH03 [4x3] DataFrame

    Time                 Chiller_Chilled_Water_Return_Temperature_Sensor ...
 0: 2018-12-31T23:00:00Z 12.500000                                       ...
 1: 2018-12-31T23:15:00Z 12.500000                                       ...
 2: 2018-12-31T23:30:00Z 12.400000                                       ...
 3: 2018-12-31T23:45:00Z 12.400000                                       ...
    <string>             <float>                                         ...

Not Showing: Chiller_Chilled_Water_Supply_Temperature_Sensor <float>
} {CCP1_CH04 [4x3] DataFrame

    Time                 Chiller_Chilled_Water_Return_Temperature_Sensor ...
 0: 2018-12-31T23:00:00Z 19.600000                                       ...
 1: 2018-12-31T23:15:00Z 19.600000                                       ...
 2: 2018-12-31T23:30:00Z 19.600000                                       ...
 3: 2018-12-31T23:45:00Z 19.600000                                       ...
    <string>             <float>                                         ...

Not Showing: Chiller_Chilled_Water_Supply_Temperature_Sensor <float>
} {CCP1_CH05 [4x3] DataFrame

    Time                 Chiller_Chilled_Water_Return_Temperature_Sensor ...
 0: 2018-12-31T23:00:00Z 19.700000                                       ...
 1: 2018-12-31T23:15:00Z 19.700000                                       ...
 2: 2018-12-31T23:30:00Z 19.600000                                       ...
 3: 2018-12-31T23:45:00Z 19.600000                                       ...
    <string>             <float>                                         ...

Not Showing: Chiller_Chilled_Water_Supply_Temperature_Sensor <float>
} {CCP1_CH06 [4x3] DataFrame

    Time                 Chiller_Chilled_Water_Return_Temperature_Sensor ...
 0: 2018-12-31T23:00:00Z 19.300000                                       ...
 1: 2018-12-31T23:15:00Z 19.300000                                       ...
 2: 2018-12-31T23:30:00Z 19.300000                                       ...
 3: 2018-12-31T23:45:00Z 19.300000                                       ...
    <string>             <float>                                         ...

Not Showing: Chiller_Chilled_Water_Supply_Temperature_Sensor <float>
} {CCP1_CH07 [4x3] DataFrame

    Time                 Chiller_Chilled_Water_Return_Temperature_Sensor ...
 0: 2018-12-31T23:00:00Z 19.700000                                       ...
 1: 2018-12-31T23:15:00Z 19.700000                                       ...
 2: 2018-12-31T23:30:00Z 19.700000                                       ...
 3: 2018-12-31T23:45:00Z 19.600000                                       ...
    <string>             <float>                                         ...

Not Showing: Chiller_Chilled_Water_Supply_Temperature_Sensor <float>
} {CCP2_CH01 [4x2] DataFrame

    Time                 Chiller_Chilled_Water_Return_Temperature_Sensor
 0: 2018-12-31T23:00:00Z 19.800000
 1: 2018-12-31T23:15:00Z 19.800000
 2: 2018-12-31T23:30:00Z 19.800000
 3: 2018-12-31T23:45:00Z 19.800000
    <string>             <float>
} {CCP2_CH02 [4x3] DataFrame

    Time                 Chiller_Chilled_Water_Return_Temperature_Sensor ...
 0: 2018-12-31T23:00:00Z 20.100000                                       ...
 1: 2018-12-31T23:15:00Z 20.100000                                       ...
 2: 2018-12-31T23:30:00Z 20.100000                                       ...
 3: 2018-12-31T23:45:00Z 20.100000                                       ...
    <string>             <float>                                         ...

Not Showing: Chiller_Chilled_Water_Supply_Temperature_Sensor <float>
} {CCP2_CH03 [4x3] DataFrame

    Time                 Chiller_Chilled_Water_Return_Temperature_Sensor ...
 0: 2018-12-31T23:00:00Z 21.100000                                       ...
 1: 2018-12-31T23:15:00Z 21.100000                                       ...
 2: 2018-12-31T23:30:00Z 21.100000                                       ...
 3: 2018-12-31T23:45:00Z 21.100000                                       ...
    <string>             <float>                                         ...

Not Showing: Chiller_Chilled_Water_Supply_Temperature_Sensor <float>
} {CCP2_CH04 [4x3] DataFrame

    Time                 Chiller_Chilled_Water_Return_Temperature_Sensor ...
 0: 2018-12-31T23:00:00Z 8.600000                                        ...
 1: 2018-12-31T23:15:00Z 8.900000                                        ...
 2: 2018-12-31T23:30:00Z 8.700000                                        ...
 3: 2018-12-31T23:45:00Z 8.600000                                        ...
    <string>             <float>                                         ...

Not Showing: Chiller_Chilled_Water_Supply_Temperature_Sensor <float>
} {CCP2_CH05 [4x3] DataFrame

    Time                 Chiller_Chilled_Water_Return_Temperature_Sensor ...
 0: 2018-12-31T23:00:00Z 9.000000                                        ...
 1: 2018-12-31T23:15:00Z 9.000000                                        ...
 2: 2018-12-31T23:30:00Z 9.000000                                        ...
 3: 2018-12-31T23:45:00Z 9.000000                                        ...
    <string>             <float>                                         ...

Not Showing: Chiller_Chilled_Water_Supply_Temperature_Sensor <float>
} {CCP2_CH06 [4x3] DataFrame

    Time                 Chiller_Chilled_Water_Return_Temperature_Sensor ...
 0: 2018-12-31T23:00:00Z 9.600000                                        ...
 1: 2018-12-31T23:15:00Z 9.600000                                        ...
 2: 2018-12-31T23:30:00Z 9.600000                                        ...
 3: 2018-12-31T23:45:00Z 9.600000                                        ...
    <string>             <float>                                         ...

Not Showing: Chiller_Chilled_Water_Supply_Temperature_Sensor <float>
}]
2022-10-02 02:31:22.166  LogInfo: function HKDL_GetChillerDeltaT data: [4x2] DataFrame

    Value    Time
 0: 0.300000 2018-12-31T23:00:00Z
 1: 0.300000 2018-12-31T23:15:00Z
 2: 0.300000 2018-12-31T23:30:00Z
 3: 0.300000 2018-12-31T23:45:00Z
    <float>  <string>

2022-10-02 02:31:22.166  LogInfo: function HKDL_GetChillerDeltaT data: [4x2] DataFrame

    Value    Time
 0: 0.000000 2018-12-31T23:00:00Z
 1: 0.000000 2018-12-31T23:15:00Z
 2: 0.000000 2018-12-31T23:30:00Z
 3: 0.000000 2018-12-31T23:45:00Z
    <float>  <string>

2022-10-02 02:31:22.166  LogInfo: function HKDL_GetChillerDeltaT data: [4x2] DataFrame

    Value    Time
 0: 4.600000 2018-12-31T23:00:00Z
 1: 4.500000 2018-12-31T23:15:00Z
 2: 4.400000 2018-12-31T23:30:00Z
 3: 4.400000 2018-12-31T23:45:00Z
    <float>  <string>

2022-10-02 02:31:22.166  LogInfo: function HKDL_GetChillerDeltaT data: [4x2] DataFrame

    Value    Time
 0: 0.300000 2018-12-31T23:00:00Z
 1: 0.300000 2018-12-31T23:15:00Z
 2: 0.300000 2018-12-31T23:30:00Z
 3: 0.300000 2018-12-31T23:45:00Z
    <float>  <string>

2022-10-02 02:31:22.166  LogInfo: function HKDL_GetChillerDeltaT data: [4x2] DataFrame

    Value    Time
 0: 0.100000 2018-12-31T23:00:00Z
 1: 0.100000 2018-12-31T23:15:00Z
 2: 0.000000 2018-12-31T23:30:00Z
 3: 0.000000 2018-12-31T23:45:00Z
    <float>  <string>

2022-10-02 02:31:22.166  LogInfo: function HKDL_GetChillerDeltaT data: [4x2] DataFrame

    Value    Time
 0: 0.000000 2018-12-31T23:00:00Z
 1: 0.000000 2018-12-31T23:15:00Z
 2: 0.000000 2018-12-31T23:30:00Z
 3: 0.000000 2018-12-31T23:45:00Z
    <float>  <string>

2022-10-02 02:31:22.167  LogInfo: function HKDL_GetChillerDeltaT data: [4x2] DataFrame

    Value     Time
 0: -0.700000 2018-12-31T23:00:00Z
 1: -0.700000 2018-12-31T23:15:00Z
 2: -0.700000 2018-12-31T23:30:00Z
 3: -0.800000 2018-12-31T23:45:00Z
    <float>   <string>

2022-10-02 02:31:22.167  LogInfo: function HKDL_GetChillerDeltaT data: [4x2] DataFrame

    Value   Time
 0: NaN     2018-12-31T23:00:00Z
 1: NaN     2018-12-31T23:15:00Z
 2: NaN     2018-12-31T23:30:00Z
 3: NaN     2018-12-31T23:45:00Z
    <float> <string>

2022-10-02 02:31:22.167  LogInfo: function HKDL_GetChillerDeltaT data: [4x2] DataFrame

    Value     Time
 0: -1.900000 2018-12-31T23:00:00Z
 1: -1.900000 2018-12-31T23:15:00Z
 2: -1.900000 2018-12-31T23:30:00Z
 3: -1.800000 2018-12-31T23:45:00Z
    <float>   <string>

2022-10-02 02:31:22.167  LogInfo: function HKDL_GetChillerDeltaT data: [4x2] DataFrame

    Value    Time
 0: 2.700000 2018-12-31T23:00:00Z
 1: 2.800000 2018-12-31T23:15:00Z
 2: 2.800000 2018-12-31T23:30:00Z
 3: 2.800000 2018-12-31T23:45:00Z
    <float>  <string>

2022-10-02 02:31:22.167  LogInfo: function HKDL_GetChillerDeltaT data: [4x2] DataFrame

    Value    Time
 0: 1.100000 2018-12-31T23:00:00Z
 1: 3.000000 2018-12-31T23:15:00Z
 2: 2.600000 2018-12-31T23:30:00Z
 3: 0.800000 2018-12-31T23:45:00Z
    <float>  <string>

2022-10-02 02:31:22.167  LogInfo: function HKDL_GetChillerDeltaT data: [4x2] DataFrame

    Value     Time
 0: -7.200000 2018-12-31T23:00:00Z
 1: -7.200000 2018-12-31T23:15:00Z
 2: -7.200000 2018-12-31T23:30:00Z
 3: -7.100000 2018-12-31T23:45:00Z
    <float>   <string>

2022-10-02 02:31:22.167  LogInfo: function HKDL_GetChillerDeltaT data: [4x2] DataFrame

    Value     Time
 0: -6.600000 2018-12-31T23:00:00Z
 1: -6.500000 2018-12-31T23:15:00Z
 2: -6.600000 2018-12-31T23:30:00Z
 3: -6.500000 2018-12-31T23:45:00Z
    <float>   <string>

2022-10-02 02:34:27.221  LogInfo: START function HKDL_GetChillerDeltaT
2022-10-02 02:34:27.519  LogInfo: function HKDL_GetChillerDeltaT data: [{CCP1_CH01 [4x3] DataFrame

    Time                 Chiller_Chilled_Water_Return_Temperature_Sensor ...
 0: 2018-12-31T23:00:00Z 18.100000                                       ...
 1: 2018-12-31T23:15:00Z 18.100000                                       ...
 2: 2018-12-31T23:30:00Z 18.100000                                       ...
 3: 2018-12-31T23:45:00Z 18.100000                                       ...
    <string>             <float>                                         ...

Not Showing: Chiller_Chilled_Water_Supply_Temperature_Sensor <float>
} {CCP1_CH02 [4x3] DataFrame

    Time                 Chiller_Chilled_Water_Return_Temperature_Sensor ...
 0: 2018-12-31T23:00:00Z 12.700000                                       ...
 1: 2018-12-31T23:15:00Z 12.700000                                       ...
 2: 2018-12-31T23:30:00Z 12.700000                                       ...
 3: 2018-12-31T23:45:00Z 12.700000                                       ...
    <string>             <float>                                         ...

Not Showing: Chiller_Chilled_Water_Supply_Temperature_Sensor <float>
} {CCP1_CH03 [4x3] DataFrame

    Time                 Chiller_Chilled_Water_Return_Temperature_Sensor ...
 0: 2018-12-31T23:00:00Z 12.500000                                       ...
 1: 2018-12-31T23:15:00Z 12.500000                                       ...
 2: 2018-12-31T23:30:00Z 12.400000                                       ...
 3: 2018-12-31T23:45:00Z 12.400000                                       ...
    <string>             <float>                                         ...

Not Showing: Chiller_Chilled_Water_Supply_Temperature_Sensor <float>
} {CCP1_CH04 [4x3] DataFrame

    Time                 Chiller_Chilled_Water_Return_Temperature_Sensor ...
 0: 2018-12-31T23:00:00Z 19.600000                                       ...
 1: 2018-12-31T23:15:00Z 19.600000                                       ...
 2: 2018-12-31T23:30:00Z 19.600000                                       ...
 3: 2018-12-31T23:45:00Z 19.600000                                       ...
    <string>             <float>                                         ...

Not Showing: Chiller_Chilled_Water_Supply_Temperature_Sensor <float>
} {CCP1_CH05 [4x3] DataFrame

    Time                 Chiller_Chilled_Water_Return_Temperature_Sensor ...
 0: 2018-12-31T23:00:00Z 19.700000                                       ...
 1: 2018-12-31T23:15:00Z 19.700000                                       ...
 2: 2018-12-31T23:30:00Z 19.600000                                       ...
 3: 2018-12-31T23:45:00Z 19.600000                                       ...
    <string>             <float>                                         ...

Not Showing: Chiller_Chilled_Water_Supply_Temperature_Sensor <float>
} {CCP1_CH06 [4x3] DataFrame

    Time                 Chiller_Chilled_Water_Return_Temperature_Sensor ...
 0: 2018-12-31T23:00:00Z 19.300000                                       ...
 1: 2018-12-31T23:15:00Z 19.300000                                       ...
 2: 2018-12-31T23:30:00Z 19.300000                                       ...
 3: 2018-12-31T23:45:00Z 19.300000                                       ...
    <string>             <float>                                         ...

Not Showing: Chiller_Chilled_Water_Supply_Temperature_Sensor <float>
} {CCP1_CH07 [4x3] DataFrame

    Time                 Chiller_Chilled_Water_Return_Temperature_Sensor ...
 0: 2018-12-31T23:00:00Z 19.700000                                       ...
 1: 2018-12-31T23:15:00Z 19.700000                                       ...
 2: 2018-12-31T23:30:00Z 19.700000                                       ...
 3: 2018-12-31T23:45:00Z 19.600000                                       ...
    <string>             <float>                                         ...

Not Showing: Chiller_Chilled_Water_Supply_Temperature_Sensor <float>
} {CCP2_CH01 [4x2] DataFrame

    Time                 Chiller_Chilled_Water_Return_Temperature_Sensor
 0: 2018-12-31T23:00:00Z 19.800000
 1: 2018-12-31T23:15:00Z 19.800000
 2: 2018-12-31T23:30:00Z 19.800000
 3: 2018-12-31T23:45:00Z 19.800000
    <string>             <float>
} {CCP2_CH02 [4x3] DataFrame

    Time                 Chiller_Chilled_Water_Return_Temperature_Sensor ...
 0: 2018-12-31T23:00:00Z 20.100000                                       ...
 1: 2018-12-31T23:15:00Z 20.100000                                       ...
 2: 2018-12-31T23:30:00Z 20.100000                                       ...
 3: 2018-12-31T23:45:00Z 20.100000                                       ...
    <string>             <float>                                         ...

Not Showing: Chiller_Chilled_Water_Supply_Temperature_Sensor <float>
} {CCP2_CH03 [4x3] DataFrame

    Time                 Chiller_Chilled_Water_Return_Temperature_Sensor ...
 0: 2018-12-31T23:00:00Z 21.100000                                       ...
 1: 2018-12-31T23:15:00Z 21.100000                                       ...
 2: 2018-12-31T23:30:00Z 21.100000                                       ...
 3: 2018-12-31T23:45:00Z 21.100000                                       ...
    <string>             <float>                                         ...

Not Showing: Chiller_Chilled_Water_Supply_Temperature_Sensor <float>
} {CCP2_CH04 [4x3] DataFrame

    Time                 Chiller_Chilled_Water_Return_Temperature_Sensor ...
 0: 2018-12-31T23:00:00Z 8.600000                                        ...
 1: 2018-12-31T23:15:00Z 8.900000                                        ...
 2: 2018-12-31T23:30:00Z 8.700000                                        ...
 3: 2018-12-31T23:45:00Z 8.600000                                        ...
    <string>             <float>                                         ...

Not Showing: Chiller_Chilled_Water_Supply_Temperature_Sensor <float>
} {CCP2_CH05 [4x3] DataFrame

    Time                 Chiller_Chilled_Water_Return_Temperature_Sensor ...
 0: 2018-12-31T23:00:00Z 9.000000                                        ...
 1: 2018-12-31T23:15:00Z 9.000000                                        ...
 2: 2018-12-31T23:30:00Z 9.000000                                        ...
 3: 2018-12-31T23:45:00Z 9.000000                                        ...
    <string>             <float>                                         ...

Not Showing: Chiller_Chilled_Water_Supply_Temperature_Sensor <float>
} {CCP2_CH06 [4x3] DataFrame

    Time                 Chiller_Chilled_Water_Return_Temperature_Sensor ...
 0: 2018-12-31T23:00:00Z 9.600000                                        ...
 1: 2018-12-31T23:15:00Z 9.600000                                        ...
 2: 2018-12-31T23:30:00Z 9.600000                                        ...
 3: 2018-12-31T23:45:00Z 9.600000                                        ...
    <string>             <float>                                         ...

Not Showing: Chiller_Chilled_Water_Supply_Temperature_Sensor <float>
}]
2022-10-02 02:34:27.520  LogInfo: function HKDL_GetChillerDeltaT data: [4x2] DataFrame

    Value    Time
 0: 0.300000 2018-12-31T23:00:00Z
 1: 0.300000 2018-12-31T23:15:00Z
 2: 0.300000 2018-12-31T23:30:00Z
 3: 0.300000 2018-12-31T23:45:00Z
    <float>  <string>

2022-10-02 02:34:27.521  LogInfo: function HKDL_GetChillerDeltaT data: [4x2] DataFrame

    Value    Time
 0: 0.000000 2018-12-31T23:00:00Z
 1: 0.000000 2018-12-31T23:15:00Z
 2: 0.000000 2018-12-31T23:30:00Z
 3: 0.000000 2018-12-31T23:45:00Z
    <float>  <string>

2022-10-02 02:34:27.521  LogInfo: function HKDL_GetChillerDeltaT data: [4x2] DataFrame

    Value    Time
 0: 4.600000 2018-12-31T23:00:00Z
 1: 4.500000 2018-12-31T23:15:00Z
 2: 4.400000 2018-12-31T23:30:00Z
 3: 4.400000 2018-12-31T23:45:00Z
    <float>  <string>

2022-10-02 02:34:27.522  LogInfo: function HKDL_GetChillerDeltaT data: [4x2] DataFrame

    Value    Time
 0: 0.300000 2018-12-31T23:00:00Z
 1: 0.300000 2018-12-31T23:15:00Z
 2: 0.300000 2018-12-31T23:30:00Z
 3: 0.300000 2018-12-31T23:45:00Z
    <float>  <string>

2022-10-02 02:34:27.522  LogInfo: function HKDL_GetChillerDeltaT data: [4x2] DataFrame

    Value    Time
 0: 0.100000 2018-12-31T23:00:00Z
 1: 0.100000 2018-12-31T23:15:00Z
 2: 0.000000 2018-12-31T23:30:00Z
 3: 0.000000 2018-12-31T23:45:00Z
    <float>  <string>

2022-10-02 02:34:27.522  LogInfo: function HKDL_GetChillerDeltaT data: [4x2] DataFrame

    Value    Time
 0: 0.000000 2018-12-31T23:00:00Z
 1: 0.000000 2018-12-31T23:15:00Z
 2: 0.000000 2018-12-31T23:30:00Z
 3: 0.000000 2018-12-31T23:45:00Z
    <float>  <string>

2022-10-02 02:34:27.523  LogInfo: function HKDL_GetChillerDeltaT data: [4x2] DataFrame

    Value     Time
 0: -0.700000 2018-12-31T23:00:00Z
 1: -0.700000 2018-12-31T23:15:00Z
 2: -0.700000 2018-12-31T23:30:00Z
 3: -0.800000 2018-12-31T23:45:00Z
    <float>   <string>

2022-10-02 02:34:27.523  LogInfo: function HKDL_GetChillerDeltaT data: [4x2] DataFrame

    Value   Time
 0: NaN     2018-12-31T23:00:00Z
 1: NaN     2018-12-31T23:15:00Z
 2: NaN     2018-12-31T23:30:00Z
 3: NaN     2018-12-31T23:45:00Z
    <float> <string>

2022-10-02 02:34:27.523  LogInfo: function HKDL_GetChillerDeltaT data: [4x2] DataFrame

    Value     Time
 0: -1.900000 2018-12-31T23:00:00Z
 1: -1.900000 2018-12-31T23:15:00Z
 2: -1.900000 2018-12-31T23:30:00Z
 3: -1.800000 2018-12-31T23:45:00Z
    <float>   <string>

2022-10-02 02:34:27.523  LogInfo: function HKDL_GetChillerDeltaT data: [4x2] DataFrame

    Value    Time
 0: 2.700000 2018-12-31T23:00:00Z
 1: 2.800000 2018-12-31T23:15:00Z
 2: 2.800000 2018-12-31T23:30:00Z
 3: 2.800000 2018-12-31T23:45:00Z
    <float>  <string>

2022-10-02 02:34:27.523  LogInfo: function HKDL_GetChillerDeltaT data: [4x2] DataFrame

    Value    Time
 0: 1.100000 2018-12-31T23:00:00Z
 1: 3.000000 2018-12-31T23:15:00Z
 2: 2.600000 2018-12-31T23:30:00Z
 3: 0.800000 2018-12-31T23:45:00Z
    <float>  <string>

2022-10-02 02:34:27.523  LogInfo: function HKDL_GetChillerDeltaT data: [4x2] DataFrame

    Value     Time
 0: -7.200000 2018-12-31T23:00:00Z
 1: -7.200000 2018-12-31T23:15:00Z
 2: -7.200000 2018-12-31T23:30:00Z
 3: -7.100000 2018-12-31T23:45:00Z
    <float>   <string>

2022-10-02 02:34:27.523  LogInfo: function HKDL_GetChillerDeltaT data: [4x2] DataFrame

    Value     Time
 0: -6.600000 2018-12-31T23:00:00Z
 1: -6.500000 2018-12-31T23:15:00Z
 2: -6.600000 2018-12-31T23:30:00Z
 3: -6.500000 2018-12-31T23:45:00Z
    <float>   <string>

2022-10-02 02:34:28.065  LogInfo: END function HKDL_GetChillerDeltaT
