2022-09-30 01:29:28.627  LogInfo: START function Sands_GetChillerPlantCTEnergy
2022-09-30 01:29:28.884  LogInfo: function Sands_GetChillerPlantCTEnergy data: [{CT1 [1465x2] DataFrame

    Time                 CT_Energy
 0: 2022-05-01T00:00:00Z 0.000000
 1: 2022-05-01T01:00:00Z 0.000000
 2: 2022-05-01T02:00:00Z 0.000000
 3: 2022-05-01T03:00:00Z 0.000000
 4: 2022-05-01T04:00:00Z 0.000000
 5: 2022-05-01T05:00:00Z 0.000000
 6: 2022-05-01T06:00:00Z 0.000000
 7: 2022-05-01T07:00:00Z 0.000000
 8: 2022-05-01T08:00:00Z 0.000000
 9: 2022-05-01T09:00:00Z 0.000000
    ...                  ...
    <string>             <float>
} {CT10 [1465x2] DataFrame

    Time                 CT_Energy
 0: 2022-05-01T00:00:00Z 148.900000
 1: 2022-05-01T01:00:00Z 150.000000
 2: 2022-05-01T02:00:00Z 107.800000
 3: 2022-05-01T03:00:00Z 107.000000
 4: 2022-05-01T04:00:00Z 108.300000
 5: 2022-05-01T05:00:00Z 106.500000
 6: 2022-05-01T06:00:00Z 106.900000
 7: 2022-05-01T07:00:00Z 106.900000
 8: 2022-05-01T08:00:00Z 107.100000
 9: 2022-05-01T09:00:00Z 107.400000
    ...                  ...
    <string>             <float>
} {CT11 [1465x2] DataFrame

    Time                 CT_Energy
 0: 2022-05-01T00:00:00Z 0.000000
 1: 2022-05-01T01:00:00Z 0.000000
 2: 2022-05-01T02:00:00Z 0.000000
 3: 2022-05-01T03:00:00Z 0.000000
 4: 2022-05-01T04:00:00Z 0.000000
 5: 2022-05-01T05:00:00Z 0.000000
 6: 2022-05-01T06:00:00Z 0.000000
 7: 2022-05-01T07:00:00Z 0.000000
 8: 2022-05-01T08:00:00Z 0.000000
 9: 2022-05-01T09:00:00Z 0.000000
    ...                  ...
    <string>             <float>
} {CT12 [1465x2] DataFrame

    Time                 CT_Energy
 0: 2022-05-01T00:00:00Z 0.000000
 1: 2022-05-01T01:00:00Z 0.000000
 2: 2022-05-01T02:00:00Z 0.000000
 3: 2022-05-01T03:00:00Z 0.000000
 4: 2022-05-01T04:00:00Z 0.000000
 5: 2022-05-01T05:00:00Z 0.000000
 6: 2022-05-01T06:00:00Z 0.000000
 7: 2022-05-01T07:00:00Z 0.000000
 8: 2022-05-01T08:00:00Z 0.000000
 9: 2022-05-01T09:00:00Z 0.000000
    ...                  ...
    <string>             <float>
} {CT13 [1465x2] DataFrame

    Time                 CT_Energy
 0: 2022-05-01T00:00:00Z 0.000000
 1: 2022-05-01T01:00:00Z 0.000000
 2: 2022-05-01T02:00:00Z 0.000000
 3: 2022-05-01T03:00:00Z 0.000000
 4: 2022-05-01T04:00:00Z 0.100000
 5: 2022-05-01T05:00:00Z 0.000000
 6: 2022-05-01T06:00:00Z 0.000000
 7: 2022-05-01T07:00:00Z 0.000000
 8: 2022-05-01T08:00:00Z 0.000000
 9: 2022-05-01T09:00:00Z 0.000000
    ...                  ...
    <string>             <float>
} {CT2 [1465x2] DataFrame

    Time                 CT_Energy
 0: 2022-05-01T00:00:00Z 179.000000
 1: 2022-05-01T01:00:00Z 179.100000
 2: 2022-05-01T02:00:00Z 106.700000
 3: 2022-05-01T03:00:00Z 107.400000
 4: 2022-05-01T04:00:00Z 106.900000
 5: 2022-05-01T05:00:00Z 106.100000
 6: 2022-05-01T06:00:00Z 107.000000
 7: 2022-05-01T07:00:00Z 106.900000
 8: 2022-05-01T08:00:00Z 106.700000
 9: 2022-05-01T09:00:00Z 107.100000
    ...                  ...
    <string>             <float>
} {CT3 [1465x2] DataFrame

    Time                 CT_Energy
 0: 2022-05-01T00:00:00Z 175.000000
 1: 2022-05-01T01:00:00Z 175.900000
 2: 2022-05-01T02:00:00Z 104.600000
 3: 2022-05-01T03:00:00Z 105.500000
 4: 2022-05-01T04:00:00Z 104.900000
 5: 2022-05-01T05:00:00Z 104.200000
 6: 2022-05-01T06:00:00Z 104.900000
 7: 2022-05-01T07:00:00Z 104.500000
 8: 2022-05-01T08:00:00Z 104.300000
 9: 2022-05-01T09:00:00Z 104.800000
    ...                  ...
    <string>             <float>
} {CT4 [1465x2] DataFrame

    Time                 CT_Energy
 0: 2022-05-01T00:00:00Z 175.900000
 1: 2022-05-01T01:00:00Z 177.500000
 2: 2022-05-01T02:00:00Z 105.100000
 3: 2022-05-01T03:00:00Z 105.000000
 4: 2022-05-01T04:00:00Z 104.900000
 5: 2022-05-01T05:00:00Z 104.500000
 6: 2022-05-01T06:00:00Z 105.400000
 7: 2022-05-01T07:00:00Z 104.800000
 8: 2022-05-01T08:00:00Z 104.900000
 9: 2022-05-01T09:00:00Z 105.400000
    ...                  ...
    <string>             <float>
} {CT5 [1465x2] DataFrame

    Time                 CT_Energy
 0: 2022-05-01T00:00:00Z 0.000000
 1: 2022-05-01T01:00:00Z 0.000000
 2: 2022-05-01T02:00:00Z 0.000000
 3: 2022-05-01T03:00:00Z 0.000000
 4: 2022-05-01T04:00:00Z 0.000000
 5: 2022-05-01T05:00:00Z 0.000000
 6: 2022-05-01T06:00:00Z 0.000000
 7: 2022-05-01T07:00:00Z 0.000000
 8: 2022-05-01T08:00:00Z 0.000000
 9: 2022-05-01T09:00:00Z 0.000000
    ...                  ...
    <string>             <float>
} {CT6 [1465x2] DataFrame

    Time                 CT_Energy
 0: 2022-05-01T00:00:00Z 0.000000
 1: 2022-05-01T01:00:00Z 0.000000
 2: 2022-05-01T02:00:00Z 0.000000
 3: 2022-05-01T03:00:00Z 0.000000
 4: 2022-05-01T04:00:00Z 0.000000
 5: 2022-05-01T05:00:00Z 0.000000
 6: 2022-05-01T06:00:00Z 0.000000
 7: 2022-05-01T07:00:00Z 0.000000
 8: 2022-05-01T08:00:00Z 0.000000
 9: 2022-05-01T09:00:00Z 0.000000
    ...                  ...
    <string>             <float>
} {CT7 [1465x2] DataFrame

    Time                 CT_Energy
 0: 2022-05-01T00:00:00Z 0.000000
 1: 2022-05-01T01:00:00Z 0.000000
 2: 2022-05-01T02:00:00Z 0.000000
 3: 2022-05-01T03:00:00Z 0.000000
 4: 2022-05-01T04:00:00Z 0.000000
 5: 2022-05-01T05:00:00Z 0.000000
 6: 2022-05-01T06:00:00Z 0.000000
 7: 2022-05-01T07:00:00Z 0.000000
 8: 2022-05-01T08:00:00Z 0.000000
 9: 2022-05-01T09:00:00Z 0.000000
    ...                  ...
    <string>             <float>
} {CT8 [1465x2] DataFrame

    Time                 CT_Energy
 0: 2022-05-01T00:00:00Z 175.400000
 1: 2022-05-01T01:00:00Z 177.900000
 2: 2022-05-01T02:00:00Z 104.600000
 3: 2022-05-01T03:00:00Z 104.800000
 4: 2022-05-01T04:00:00Z 105.000000
 5: 2022-05-01T05:00:00Z 104.200000
 6: 2022-05-01T06:00:00Z 105.300000
 7: 2022-05-01T07:00:00Z 104.400000
 8: 2022-05-01T08:00:00Z 104.600000
 9: 2022-05-01T09:00:00Z 105.000000
    ...                  ...
    <string>             <float>
} {CT9 [1465x2] DataFrame

    Time                 CT_Energy
 0: 2022-05-01T00:00:00Z 169.600000
 1: 2022-05-01T01:00:00Z 171.000000
 2: 2022-05-01T02:00:00Z 102.100000
 3: 2022-05-01T03:00:00Z 102.600000
 4: 2022-05-01T04:00:00Z 102.700000
 5: 2022-05-01T05:00:00Z 101.900000
 6: 2022-05-01T06:00:00Z 102.200000
 7: 2022-05-01T07:00:00Z 101.900000
 8: 2022-05-01T08:00:00Z 102.100000
 9: 2022-05-01T09:00:00Z 102.300000
    ...                  ...
    <string>             <float>
}]
2022-09-30 01:29:29.392  LogInfo: function Sands_GetChillerPlantCTEnergy data: [1465x2] DataFrame

    Value       Time
 0: 1023.800000 2022-05-01T00:00:00Z
 1: 1031.400000 2022-05-01T01:00:00Z
 2: 630.900000  2022-05-01T02:00:00Z
 3: 632.300000  2022-05-01T03:00:00Z
 4: 632.800000  2022-05-01T04:00:00Z
 5: 627.400000  2022-05-01T05:00:00Z
 6: 631.700000  2022-05-01T06:00:00Z
 7: 629.400000  2022-05-01T07:00:00Z
 8: 629.700000  2022-05-01T08:00:00Z
 9: 632.000000  2022-05-01T09:00:00Z
    ...         ...
    <float>     <string>

2022-09-30 01:29:29.504  LogInfo: END function Sands_GetChillerPlantCTEnergy
