2022-09-23 01:14:08.892  LogInfo: START function Utility2_GetChillerPlantChillerRunning
2022-09-23 01:14:08.892  LogInfo: START function Utility2_GetChillerPlantChillerEnergy
2022-09-23 01:14:08.893  LogInfo: START function Utility2_GetChillerPlantDeltaT
2022-09-23 01:14:08.894  LogInfo: START function Utility2_GetCTStatus
2022-09-23 01:14:08.896  LogInfo: START function Utility2_GetChillerPlantWetBulb
2022-09-23 01:14:08.988  LogInfo: function Utility2_GetChillerPlantDeltaT data: [{Chiller_Plant [4x6] DataFrame

    Time                 ...
 0: 2022-09-22T16:00:00Z ...
 1: 2022-09-22T16:20:00Z ...
 2: 2022-09-22T16:40:00Z ...
 3: 2022-09-22T17:00:00Z ...
    <string>             ...

Not Showing: Chiller_Plant_Chilled_Water_Supply_Temperature_Sensor_2 <float>,
Chiller_Plant_Chilled_Water_Supply_Temperature_Sensor_3 <float>, Chiller_Plant_Chilled_Water_Return_Temperature_Sensor <float>,
Chiller_Plant_Chilled_Water_Supply_Temperature_Sensor_0 <float>, Chiller_Plant_Chilled_Water_Supply_Temperature_Sensor_1 <float>
}]
2022-09-23 01:14:08.988  LogInfo: function Utility2_GetChillerPlantChillerRunning data: [{CH01 [4x2] DataFrame

    Time                 Chiller_Status
 0: 2022-09-22T16:00:00Z NaN
 1: 2022-09-22T16:20:00Z 1.000000
 2: 2022-09-22T16:40:00Z 1.000000
 3: 2022-09-22T17:00:00Z 1.000000
    <string>             <float>
} {CH02 [4x2] DataFrame

    Time                 Chiller_Status
 0: 2022-09-22T16:00:00Z NaN
 1: 2022-09-22T16:20:00Z 1.000000
 2: 2022-09-22T16:40:00Z 1.000000
 3: 2022-09-22T17:00:00Z 1.000000
    <string>             <float>
} {CH03 [4x2] DataFrame

    Time                 Chiller_Status
 0: 2022-09-22T16:00:00Z NaN
 1: 2022-09-22T16:20:00Z 0.000000
 2: 2022-09-22T16:40:00Z 0.000000
 3: 2022-09-22T17:00:00Z 0.000000
    <string>             <float>
} {CH04 [4x2] DataFrame

    Time                 Chiller_Status
 0: 2022-09-22T16:00:00Z NaN
 1: 2022-09-22T16:20:00Z 0.000000
 2: 2022-09-22T16:40:00Z 0.000000
 3: 2022-09-22T17:00:00Z 0.000000
    <string>             <float>
} {CH05 [4x2] DataFrame

    Time                 Chiller_Status
 0: 2022-09-22T16:00:00Z NaN
 1: 2022-09-22T16:20:00Z 1.000000
 2: 2022-09-22T16:40:00Z 1.000000
 3: 2022-09-22T17:00:00Z 1.000000
    <string>             <float>
}]
2022-09-23 01:14:08.988  LogInfo: function Utility2_GetCTStatus data: [{CT1 [4x5] DataFrame

    Time                 Cooling_Tower_Status_01 Cooling_Tower_Status_02 ...
 0: 2022-09-22T16:00:00Z NaN                     NaN                     ...
 1: 2022-09-22T16:20:00Z 1.000000                1.000000                ...
 2: 2022-09-22T16:40:00Z 1.000000                1.000000                ...
 3: 2022-09-22T17:00:00Z 1.000000                1.000000                ...
    <string>             <float>                 <float>                 ...

Not Showing: Cooling_Tower_Status_03 <float>, Cooling_Tower_Status_04 <float>
} {CT2 [4x5] DataFrame

    Time                 Cooling_Tower_Status_01 Cooling_Tower_Status_02 ...
 0: 2022-09-22T16:00:00Z NaN                     NaN                     ...
 1: 2022-09-22T16:20:00Z 0.000000                0.000000                ...
 2: 2022-09-22T16:40:00Z 0.000000                0.000000                ...
 3: 2022-09-22T17:00:00Z 0.000000                0.000000                ...
    <string>             <float>                 <float>                 ...

Not Showing: Cooling_Tower_Status_03 <float>, Cooling_Tower_Status_04 <float>
} {CT3 [4x5] DataFrame

    Time                 Cooling_Tower_Status_01 Cooling_Tower_Status_02 ...
 0: 2022-09-22T16:00:00Z NaN                     NaN                     ...
 1: 2022-09-22T16:20:00Z 1.000000                1.000000                ...
 2: 2022-09-22T16:40:00Z 1.000000                1.000000                ...
 3: 2022-09-22T17:00:00Z 1.000000                1.000000                ...
    <string>             <float>                 <float>                 ...

Not Showing: Cooling_Tower_Status_03 <float>, Cooling_Tower_Status_04 <float>
} {CT4 [4x5] DataFrame

    Time                 Cooling_Tower_Status_01 Cooling_Tower_Status_02 ...
 0: 2022-09-22T16:00:00Z NaN                     NaN                     ...
 1: 2022-09-22T16:20:00Z 1.000000                1.000000                ...
 2: 2022-09-22T16:40:00Z 1.000000                1.000000                ...
 3: 2022-09-22T17:00:00Z 1.000000                1.000000                ...
    <string>             <float>                 <float>                 ...

Not Showing: Cooling_Tower_Status_03 <float>, Cooling_Tower_Status_04 <float>
} {CT5 [4x5] DataFrame

    Time                 Cooling_Tower_Status_01 Cooling_Tower_Status_02 ...
 0: 2022-09-22T16:00:00Z NaN                     NaN                     ...
 1: 2022-09-22T16:20:00Z 1.000000                1.000000                ...
 2: 2022-09-22T16:40:00Z 1.000000                1.000000                ...
 3: 2022-09-22T17:00:00Z 1.000000                1.000000                ...
    <string>             <float>                 <float>                 ...

Not Showing: Cooling_Tower_Status_03 <float>, Cooling_Tower_Status_04 <float>
}]
2022-09-23 01:14:08.988  LogInfo: function Utility2_GetChillerPlantChillerEnergy data: [{CH01 [4x2] DataFrame

    Time                 Chiller_Power_Sensor
 0: 2022-09-22T16:00:00Z NaN
 1: 2022-09-22T16:20:00Z 372800.000000
 2: 2022-09-22T16:40:00Z 373200.000000
 3: 2022-09-22T17:00:00Z 356800.000000
    <string>             <float>
} {CH02 [4x2] DataFrame

    Time                 Chiller_Power_Sensor
 0: 2022-09-22T16:00:00Z NaN
 1: 2022-09-22T16:20:00Z 216000.000000
 2: 2022-09-22T16:40:00Z 215600.000000
 3: 2022-09-22T17:00:00Z 209600.000000
    <string>             <float>
} {CH03 [4x2] DataFrame

    Time                 Chiller_Power_Sensor
 0: 2022-09-22T16:00:00Z NaN
 1: 2022-09-22T16:20:00Z 0.000000
 2: 2022-09-22T16:40:00Z 0.000000
 3: 2022-09-22T17:00:00Z 0.000000
    <string>             <float>
} {CH04 [4x2] DataFrame

    Time                 Chiller_Power_Sensor
 0: 2022-09-22T16:00:00Z NaN
 1: 2022-09-22T16:20:00Z 0.000000
 2: 2022-09-22T16:40:00Z 0.000000
 3: 2022-09-22T17:00:00Z 0.000000
    <string>             <float>
} {CH05 [4x2] DataFrame

    Time                 Chiller_Power_Sensor
 0: 2022-09-22T16:00:00Z NaN
 1: 2022-09-22T16:20:00Z 483.600006
 2: 2022-09-22T16:40:00Z 481.399994
 3: 2022-09-22T17:00:00Z 460.200012
    <string>             <float>
}]
2022-09-23 01:14:08.989  LogInfo: function Utility2_GetCTStatus data: [4x2] DataFrame

    Value    Time
 0: 0.000000 2022-09-22T16:00:00Z
 1: 4.000000 2022-09-22T16:20:00Z
 2: 4.000000 2022-09-22T16:40:00Z
 3: 4.000000 2022-09-22T17:00:00Z
    <float>  <string>

2022-09-23 01:14:08.989  LogInfo: function Utility2_GetChillerPlantChillerRunning data: [4x2] DataFrame

    Value    Time
 0: 0.000000 2022-09-22T16:00:00Z
 1: 3.000000 2022-09-22T16:20:00Z
 2: 3.000000 2022-09-22T16:40:00Z
 3: 3.000000 2022-09-22T17:00:00Z
    <float>  <string>

2022-09-23 01:14:08.989  LogInfo: function Utility2_GetCTStatus data: [4x2] DataFrame

    Value    Time
 0: 0.000000 2022-09-22T16:00:00Z
 1: 0.000000 2022-09-22T16:20:00Z
 2: 0.000000 2022-09-22T16:40:00Z
 3: 0.000000 2022-09-22T17:00:00Z
    <float>  <string>

2022-09-23 01:14:08.989  LogInfo: function Utility2_GetChillerPlantChillerEnergy data: [4x2] DataFrame

    Value       Time
 0: NaN         2022-09-22T16:00:00Z
 1: 1072.883606 2022-09-22T16:20:00Z
 2: 1070.681394 2022-09-22T16:40:00Z
 3: 1027.060212 2022-09-22T17:00:00Z
    <float>     <string>

2022-09-23 01:14:08.989  LogInfo: function Utility2_GetCTStatus data: [4x2] DataFrame

    Value    Time
 0: 0.000000 2022-09-22T16:00:00Z
 1: 4.000000 2022-09-22T16:20:00Z
 2: 4.000000 2022-09-22T16:40:00Z
 3: 4.000000 2022-09-22T17:00:00Z
    <float>  <string>

2022-09-23 01:14:08.989  LogInfo: function Utility2_GetCTStatus data: [4x2] DataFrame

    Value    Time
 0: 0.000000 2022-09-22T16:00:00Z
 1: 4.000000 2022-09-22T16:20:00Z
 2: 4.000000 2022-09-22T16:40:00Z
 3: 4.000000 2022-09-22T17:00:00Z
    <float>  <string>

2022-09-23 01:14:08.989  LogInfo: function Utility2_GetCTStatus data: [4x2] DataFrame

    Value    Time
 0: 0.000000 2022-09-22T16:00:00Z
 1: 4.000000 2022-09-22T16:20:00Z
 2: 4.000000 2022-09-22T16:40:00Z
 3: 4.000000 2022-09-22T17:00:00Z
    <float>  <string>

2022-09-23 01:14:08.991  LogInfo: function Utility2_GetChillerPlantDeltaT data: [4x2] DataFrame

    Value     Time
 0: NaN       2022-09-22T16:00:00Z
 1: -0.211887 2022-09-22T16:20:00Z
 2: -0.211887 2022-09-22T16:40:00Z
 3: -0.211887 2022-09-22T17:00:00Z
    <float>   <string>

2022-09-23 01:14:09.000  LogInfo: function Utility2_GetChillerPlantWetBulb data: [{Chiller_Plant [4x3] DataFrame

    Time                 Chiller_Plant_Outdoor_Dry_Bulb ...
 0: 2022-09-22T16:00:00Z NaN                            ...
 1: 2022-09-22T16:20:00Z 26.608236                      ...
 2: 2022-09-22T16:40:00Z 26.613688                      ...
 3: 2022-09-22T17:00:00Z 25.759861                      ...
    <string>             <float>                        ...

Not Showing: Chiller_Plant_Outdoor_Humidity <float>
}]
2022-09-23 01:14:09.000  LogInfo: function Utility2_GetChillerPlantWetBulb data: [4x2] DataFrame

    Value     Time
 0: NaN       2022-09-22T16:00:00Z
 1: 22.343413 2022-09-22T16:20:00Z
 2: 22.314414 2022-09-22T16:40:00Z
 3: 21.316115 2022-09-22T17:00:00Z
    <float>   <string>

2022-09-23 01:14:09.482  LogInfo: END function Utility2_GetChillerPlantChillerEnergy
2022-09-23 01:14:09.484  LogInfo: START function Utility2_GetChillerPlantCTEnergy
2022-09-23 01:14:09.485  LogInfo: START function Utility2_GetChillerPlantEnergy1Hour
2022-09-23 01:14:09.511  LogInfo: END function Utility2_GetChillerPlantChillerRunning
2022-09-23 01:14:09.513  LogInfo: START function Utility2_GetChillerPlantCTRunning
2022-09-23 01:14:09.574  LogInfo: END function Utility2_GetChillerPlantWetBulb
2022-09-23 01:14:09.574  LogInfo: END function Utility2_GetCTStatus
2022-09-23 01:14:09.574  LogInfo: END function Utility2_GetChillerPlantDeltaT
2022-09-23 01:14:09.576  LogInfo: START function Utility2_GetChillerPlantCoolingLoad
2022-09-23 01:14:09.580  LogInfo: function Utility2_GetChillerPlantCTEnergy data: [{CT1 [4x2] DataFrame

    Time                 Cooling_Tower_Total_Status
 0: 2022-09-22T16:00:00Z NaN
 1: 2022-09-22T16:20:00Z 4.000000
 2: 2022-09-22T16:40:00Z 4.000000
 3: 2022-09-22T17:00:00Z 4.000000
    <string>             <float>
} {CT2 [4x2] DataFrame

    Time                 Cooling_Tower_Total_Status
 0: 2022-09-22T16:00:00Z NaN
 1: 2022-09-22T16:20:00Z 0.000000
 2: 2022-09-22T16:40:00Z 0.000000
 3: 2022-09-22T17:00:00Z 0.000000
    <string>             <float>
} {CT3 [4x2] DataFrame

    Time                 Cooling_Tower_Total_Status
 0: 2022-09-22T16:00:00Z NaN
 1: 2022-09-22T16:20:00Z 4.000000
 2: 2022-09-22T16:40:00Z 4.000000
 3: 2022-09-22T17:00:00Z 4.000000
    <string>             <float>
} {CT4 [4x2] DataFrame

    Time                 Cooling_Tower_Total_Status
 0: 2022-09-22T16:00:00Z NaN
 1: 2022-09-22T16:20:00Z 4.000000
 2: 2022-09-22T16:40:00Z 4.000000
 3: 2022-09-22T17:00:00Z 4.000000
    <string>             <float>
} {CT5 [4x2] DataFrame

    Time                 Cooling_Tower_Total_Status
 0: 2022-09-22T16:00:00Z NaN
 1: 2022-09-22T16:20:00Z 4.000000
 2: 2022-09-22T16:40:00Z 4.000000
 3: 2022-09-22T17:00:00Z 4.000000
    <string>             <float>
}]
2022-09-23 01:14:09.581  LogInfo: function Utility2_GetChillerPlantEnergy1Hour data: [{CH01 [5x2] DataFrame

    Time                 Chiller_Power_Sensor
 0: 2022-09-22T13:00:00Z 374400.000000
 1: 2022-09-22T14:00:00Z 373200.000000
 2: 2022-09-22T15:00:00Z 372933.333333
 3: 2022-09-22T16:00:00Z 372666.666667
 4: 2022-09-22T17:00:00Z 356800.000000
    <string>             <float>
} {CH02 [5x2] DataFrame

    Time                 Chiller_Power_Sensor
 0: 2022-09-22T13:00:00Z 216000.000000
 1: 2022-09-22T14:00:00Z 215866.666667
 2: 2022-09-22T15:00:00Z 215333.333333
 3: 2022-09-22T16:00:00Z 215600.000000
 4: 2022-09-22T17:00:00Z 209600.000000
    <string>             <float>
} {CH03 [5x2] DataFrame

    Time                 Chiller_Power_Sensor
 0: 2022-09-22T13:00:00Z 0.000000
 1: 2022-09-22T14:00:00Z 266.666667
 2: 2022-09-22T15:00:00Z 0.000000
 3: 2022-09-22T16:00:00Z 133.333333
 4: 2022-09-22T17:00:00Z 0.000000
    <string>             <float>
} {CH04 [5x2] DataFrame

    Time                 Chiller_Power_Sensor
 0: 2022-09-22T13:00:00Z 0.000000
 1: 2022-09-22T14:00:00Z 0.000000
 2: 2022-09-22T15:00:00Z 0.000000
 3: 2022-09-22T16:00:00Z 0.000000
 4: 2022-09-22T17:00:00Z 0.000000
    <string>             <float>
} {CH05 [5x2] DataFrame

    Time                 Chiller_Power_Sensor
 0: 2022-09-22T13:00:00Z 487.549988
 1: 2022-09-22T14:00:00Z 485.633331
 2: 2022-09-22T15:00:00Z 485.133341
 3: 2022-09-22T16:00:00Z 482.200002
 4: 2022-09-22T17:00:00Z 460.200012
    <string>             <float>
}]
2022-09-23 01:14:09.581  LogInfo: function Utility2_GetChillerPlantCTEnergy data: [4x2] DataFrame

    Value      Time
 0: 0.000000   2022-09-22T16:00:00Z
 1: 176.000000 2022-09-22T16:20:00Z
 2: 176.000000 2022-09-22T16:40:00Z
 3: 176.000000 2022-09-22T17:00:00Z
    <float>    <string>

2022-09-23 01:14:09.581  LogInfo: function Utility2_GetChillerPlantEnergy1Hour data: [5x2] DataFrame

    Value       Time
 0: 1078.437538 2022-09-22T13:00:00Z
 1: 1075.452298 2022-09-22T14:00:00Z
 2: 1073.885141 2022-09-22T15:00:00Z
 3: 1071.082202 2022-09-22T16:00:00Z
 4: 1027.060212 2022-09-22T17:00:00Z
    <float>     <string>

2022-09-23 01:14:09.588  LogInfo: function Utility2_GetChillerPlantCTRunning data: [{CT1 [4x2] DataFrame

    Time                 Cooling_Tower_Total_Status
 0: 2022-09-22T16:00:00Z NaN
 1: 2022-09-22T16:20:00Z 4.000000
 2: 2022-09-22T16:40:00Z 4.000000
 3: 2022-09-22T17:00:00Z 4.000000
    <string>             <float>
} {CT2 [4x2] DataFrame

    Time                 Cooling_Tower_Total_Status
 0: 2022-09-22T16:00:00Z NaN
 1: 2022-09-22T16:20:00Z 0.000000
 2: 2022-09-22T16:40:00Z 0.000000
 3: 2022-09-22T17:00:00Z 0.000000
    <string>             <float>
} {CT3 [4x2] DataFrame

    Time                 Cooling_Tower_Total_Status
 0: 2022-09-22T16:00:00Z NaN
 1: 2022-09-22T16:20:00Z 4.000000
 2: 2022-09-22T16:40:00Z 4.000000
 3: 2022-09-22T17:00:00Z 4.000000
    <string>             <float>
} {CT4 [4x2] DataFrame

    Time                 Cooling_Tower_Total_Status
 0: 2022-09-22T16:00:00Z NaN
 1: 2022-09-22T16:20:00Z 4.000000
 2: 2022-09-22T16:40:00Z 4.000000
 3: 2022-09-22T17:00:00Z 4.000000
    <string>             <float>
} {CT5 [4x2] DataFrame

    Time                 Cooling_Tower_Total_Status
 0: 2022-09-22T16:00:00Z NaN
 1: 2022-09-22T16:20:00Z 4.000000
 2: 2022-09-22T16:40:00Z 4.000000
 3: 2022-09-22T17:00:00Z 4.000000
    <string>             <float>
}]
2022-09-23 01:14:09.588  LogInfo: function Utility2_GetChillerPlantCTRunning data: [4x2] DataFrame

    Value    Time
 0: 0.000000 2022-09-22T16:00:00Z
 1: 4.000000 2022-09-22T16:20:00Z
 2: 4.000000 2022-09-22T16:40:00Z
 3: 4.000000 2022-09-22T17:00:00Z
    <float>  <string>

2022-09-23 01:14:09.667  LogInfo: function Utility2_GetChillerPlantCoolingLoad data: [{CH01 [4x2] DataFrame

    CH01_Chiller_Cooling_Load Time
 0: NaN                       2022-09-22T16:00:00Z
 1: 2548.683033               2022-09-22T16:20:00Z
 2: 2554.097963               2022-09-22T16:40:00Z
 3: 2538.395167               2022-09-22T17:00:00Z
    <float>                   <string>
} {CH02 [4x2] DataFrame

    CH02_Chiller_Cooling_Load Time
 0: NaN                       2022-09-22T16:00:00Z
 1: 3573.173013               2022-09-22T16:20:00Z
 2: 3567.340873               2022-09-22T16:40:00Z
 3: 3607.715709               2022-09-22T17:00:00Z
    <float>                   <string>
} {CH03 [4x2] DataFrame

    CH03_Chiller_Cooling_Load Time
 0: NaN                       2022-09-22T16:00:00Z
 1: 0.000000                  2022-09-22T16:20:00Z
 2: 0.000000                  2022-09-22T16:40:00Z
 3: 0.000000                  2022-09-22T17:00:00Z
    <float>                   <string>
} {CH04 [4x2] DataFrame

    CH04_Chiller_Cooling_Load Time
 0: NaN                       2022-09-22T16:00:00Z
 1: 0.000000                  2022-09-22T16:20:00Z
 2: 0.000000                  2022-09-22T16:40:00Z
 3: 0.000000                  2022-09-22T17:00:00Z
    <float>                   <string>
} {CH05 [4x2] DataFrame

    CH05_Chiller_Cooling_Load Time
 0: NaN                       2022-09-22T16:00:00Z
 1: 8652.796010               2022-09-22T16:20:00Z
 2: 8611.875083               2022-09-22T16:40:00Z
 3: 8585.473841               2022-09-22T17:00:00Z
    <float>                   <string>
}]
2022-09-23 01:14:09.668  LogInfo: function Utility2_GetChillerPlantCoolingLoad data: [4x2] DataFrame

    Value        Time
 0: 0.000000     2022-09-22T16:00:00Z
 1: 14774.652056 2022-09-22T16:20:00Z
 2: 14733.313919 2022-09-22T16:40:00Z
 3: 14731.584717 2022-09-22T17:00:00Z
    <float>      <string>

2022-09-23 01:14:09.998  LogInfo: END function Utility2_GetChillerPlantEnergy1Hour
2022-09-23 01:14:09.999  LogInfo: START function Utility2_GetChillerPlantEnergy1Day
2022-09-23 01:14:10.015  LogInfo: END function Utility2_GetChillerPlantCTEnergy
2022-09-23 01:14:10.016  LogInfo: START function Utility2_GetChillerPlantTotalEnergy
2022-09-23 01:14:10.042  LogInfo: END function Utility2_GetChillerPlantCTRunning
2022-09-23 01:14:10.043  LogInfo: START function Utility2_GetChillerPlantPCHWPRunning
2022-09-23 01:14:10.088  LogInfo: function Utility2_GetChillerPlantEnergy1Day data: [{CH01 [5x2] DataFrame

    Time                 Chiller_Power_Sensor
 0: 2022-09-18T00:00:00Z 8182800.000000
 1: 2022-09-19T00:00:00Z 29872400.000000
 2: 2022-09-20T00:00:00Z 28516000.000000
 3: 2022-09-21T00:00:00Z 27771200.000000
 4: 2022-09-22T00:00:00Z 19605200.000000
    <string>             <float>
} {CH02 [5x2] DataFrame

    Time                 Chiller_Power_Sensor
 0: 2022-09-18T00:00:00Z 4575600.000000
 1: 2022-09-19T00:00:00Z 16542400.000000
 2: 2022-09-20T00:00:00Z 16037600.000000
 3: 2022-09-21T00:00:00Z 15839200.000000
 4: 2022-09-22T00:00:00Z 11288000.000000
    <string>             <float>
} {CH03 [5x2] DataFrame

    Time                 Chiller_Power_Sensor
 0: 2022-09-18T00:00:00Z 2400.000000
 1: 2022-09-19T00:00:00Z 4800.000000
 2: 2022-09-20T00:00:00Z 8400.000000
 3: 2022-09-21T00:00:00Z 7600.000000
 4: 2022-09-22T00:00:00Z 5200.000000
    <string>             <float>
} {CH04 [5x2] DataFrame

    Time                 Chiller_Power_Sensor
 0: 2022-09-18T00:00:00Z 0.000000
 1: 2022-09-19T00:00:00Z 0.000000
 2: 2022-09-20T00:00:00Z 0.000000
 3: 2022-09-21T00:00:00Z 0.000000
 4: 2022-09-22T00:00:00Z 0.000000
    <string>             <float>
} {CH05 [5x2] DataFrame

    Time                 Chiller_Power_Sensor
 0: 2022-09-18T00:00:00Z 10064.499939
 1: 2022-09-19T00:00:00Z 36278.800018
 2: 2022-09-20T00:00:00Z 35564.699890
 3: 2022-09-21T00:00:00Z 35163.300110
 4: 2022-09-22T00:00:00Z 25387.499939
    <string>             <float>
}]
2022-09-23 01:14:10.088  LogInfo: function Utility2_GetChillerPlantEnergy1Day data: [5x2] DataFrame

    Value        Time
 0: 7611.788146  2022-09-18T00:00:00Z
 1: 27578.226273 2022-09-19T00:00:00Z
 2: 26720.754863 2022-09-20T00:00:00Z
 3: 26272.154470 2022-09-21T00:00:00Z
 4: 18770.429146 2022-09-22T00:00:00Z
    <float>      <string>

2022-09-23 01:14:10.103  LogInfo: function Utility2_GetChillerPlantTotalEnergy data: [{Chiller_Plant [4x3] DataFrame

    Time                 Chiller_Plant_Total_CT_Energy ...
 0: 2022-09-22T16:00:00Z NaN                           ...
 1: 2022-09-22T16:20:00Z 176.000000                    ...
 2: 2022-09-22T16:40:00Z 176.000000                    ...
 3: 2022-09-22T17:00:00Z 176.000000                    ...
    <string>             <float>                       ...

Not Showing: Chiller_Plant_Total_Chiller_Energy <float>
}]
2022-09-23 01:14:10.103  LogInfo: function Utility2_GetChillerPlantTotalEnergy data: [4x2] DataFrame

    Value       Time
 0: 0.000000    2022-09-22T16:00:00Z
 1: 1248.883606 2022-09-22T16:20:00Z
 2: 1246.681394 2022-09-22T16:40:00Z
 3: 1203.060212 2022-09-22T17:00:00Z
    <float>     <string>

2022-09-23 01:14:10.143  LogInfo: function Utility2_GetChillerPlantPCHWPRunning data: [{PCHP1 [4x2] DataFrame

    Time                 Primary_Chilled_Water_Pump_Status
 0: 2022-09-22T16:00:00Z NaN
 1: 2022-09-22T16:20:00Z 1.000000
 2: 2022-09-22T16:40:00Z 1.000000
 3: 2022-09-22T17:00:00Z 1.000000
    <string>             <float>
} {PCHP2 [4x2] DataFrame

    Time                 Primary_Chilled_Water_Pump_Status
 0: 2022-09-22T16:00:00Z NaN
 1: 2022-09-22T16:20:00Z 1.000000
 2: 2022-09-22T16:40:00Z 1.000000
 3: 2022-09-22T17:00:00Z 1.000000
    <string>             <float>
} {PCHP3 [4x2] DataFrame

    Time                 Primary_Chilled_Water_Pump_Status
 0: 2022-09-22T16:00:00Z NaN
 1: 2022-09-22T16:20:00Z 1.000000
 2: 2022-09-22T16:40:00Z 1.000000
 3: 2022-09-22T17:00:00Z 1.000000
    <string>             <float>
} {PCHP4 [4x2] DataFrame

    Time                 Primary_Chilled_Water_Pump_Status
 0: 2022-09-22T16:00:00Z NaN
 1: 2022-09-22T16:20:00Z 0.000000
 2: 2022-09-22T16:40:00Z 0.000000
 3: 2022-09-22T17:00:00Z 0.000000
    <string>             <float>
} {PCHP5 [4x2] DataFrame

    Time                 Primary_Chilled_Water_Pump_Status
 0: 2022-09-22T16:00:00Z NaN
 1: 2022-09-22T16:20:00Z 1.000000
 2: 2022-09-22T16:40:00Z 1.000000
 3: 2022-09-22T17:00:00Z 1.000000
    <string>             <float>
}]
2022-09-23 01:14:10.143  LogInfo: function Utility2_GetChillerPlantPCHWPRunning data: [4x2] DataFrame

    Value    Time
 0: 0.000000 2022-09-22T16:00:00Z
 1: 4.000000 2022-09-22T16:20:00Z
 2: 4.000000 2022-09-22T16:40:00Z
 3: 4.000000 2022-09-22T17:00:00Z
    <float>  <string>

2022-09-23 01:14:10.343  LogInfo: END function Utility2_GetChillerPlantCoolingLoad
2022-09-23 01:14:10.345  LogInfo: START function Utility2_GetChillerPlantCoolingLoadTon
2022-09-23 01:14:10.428  LogInfo: function Utility2_GetChillerPlantCoolingLoadTon data: [{Chiller_Plant [4x2] DataFrame

    Time                 Chiller_Plant_Cooling_Load
 0: 2022-09-22T16:00:00Z NaN
 1: 2022-09-22T16:20:00Z 14774.652056
 2: 2022-09-22T16:40:00Z 14733.313919
 3: 2022-09-22T17:00:00Z 14731.584717
    <string>             <float>
}]
2022-09-23 01:14:10.428  LogInfo: function Utility2_GetChillerPlantCoolingLoadTon data: [4x2] DataFrame

    Value       Time
 0: NaN         2022-09-22T16:00:00Z
 1: 4201.044117 2022-09-22T16:20:00Z
 2: 4189.289977 2022-09-22T16:40:00Z
 3: 4188.798293 2022-09-22T17:00:00Z
    <float>     <string>

2022-09-23 01:14:10.508  LogInfo: END function Utility2_GetChillerPlantEnergy1Day
2022-09-23 01:14:10.509  LogInfo: START function Utility2_GetChillerPlantEnergy1Month
2022-09-23 01:14:10.541  LogInfo: END function Utility2_GetChillerPlantTotalEnergy
2022-09-23 01:14:10.569  LogInfo: END function Utility2_GetChillerPlantPCHWPRunning
2022-09-23 01:14:10.570  LogInfo: START function Utility2_GetChillerPlantSCHWPRunning
2022-09-23 01:14:10.598  LogInfo: function Utility2_GetChillerPlantEnergy1Month data: [{CH01 [1x2] DataFrame

    Time                           Chiller_Power_Sensor
 0: 2022-09-01T00:00:00.000000001Z 654060800.000000
    <string>                       <float>
} {CH02 [1x2] DataFrame

    Time                           Chiller_Power_Sensor
 0: 2022-09-01T00:00:00.000000001Z 140566400.000000
    <string>                       <float>
} {CH03 [1x2] DataFrame

    Time                           Chiller_Power_Sensor
 0: 2022-09-01T00:00:00.000000001Z 326719200.000000
    <string>                       <float>
} {CH04 [1x2] DataFrame

    Time                           Chiller_Power_Sensor
 0: 2022-09-01T00:00:00.000000001Z 0.000000
    <string>                       <float>
} {CH05 [1x2] DataFrame

    Time                           Chiller_Power_Sensor
 0: 2022-09-01T00:00:00.000000001Z 302886.100037
    <string>                       <float>
}]
2022-09-23 01:14:10.598  LogInfo: function Utility2_GetChillerPlantEnergy1Month data: [1x2] DataFrame

    Value         Time
 0: 373883.095367 2022-09-01T00:00:00.000000001Z
    <float>       <string>

2022-09-23 01:14:10.652  LogInfo: function Utility2_GetChillerPlantSCHWPRunning data: [{SCHP1 [4x2] DataFrame

    Time                 Secondary_Chilled_Water_Pump_Status_01
 0: 2022-09-22T16:00:00Z NaN
 1: 2022-09-22T16:20:00Z 1.000000
 2: 2022-09-22T16:40:00Z 1.000000
 3: 2022-09-22T17:00:00Z 1.000000
    <string>             <float>
} {SCHP2 [4x2] DataFrame

    Time                 Secondary_Chilled_Water_Pump_Status_01
 0: 2022-09-22T16:00:00Z NaN
 1: 2022-09-22T16:20:00Z 1.000000
 2: 2022-09-22T16:40:00Z 1.000000
 3: 2022-09-22T17:00:00Z 1.000000
    <string>             <float>
} {SCHP3 [4x2] DataFrame

    Time                 Secondary_Chilled_Water_Pump_Status_01
 0: 2022-09-22T16:00:00Z NaN
 1: 2022-09-22T16:20:00Z 0.000000
 2: 2022-09-22T16:40:00Z 0.000000
 3: 2022-09-22T17:00:00Z 0.000000
    <string>             <float>
} {SCHP4 [4x2] DataFrame

    Time                 Secondary_Chilled_Water_Pump_Status_01
 0: 2022-09-22T16:00:00Z NaN
 1: 2022-09-22T16:20:00Z 0.000000
 2: 2022-09-22T16:40:00Z 0.000000
 3: 2022-09-22T17:00:00Z 0.000000
    <string>             <float>
} {SCHP5 [4x2] DataFrame

    Time                 Secondary_Chilled_Water_Pump_Status_01
 0: 2022-09-22T16:00:00Z NaN
 1: 2022-09-22T16:20:00Z 0.000000
 2: 2022-09-22T16:40:00Z 0.000000
 3: 2022-09-22T17:00:00Z 0.000000
    <string>             <float>
}]
2022-09-23 01:14:10.652  LogInfo: function Utility2_GetChillerPlantSCHWPRunning data: [4x2] DataFrame

    Value    Time
 0: 0.000000 2022-09-22T16:00:00Z
 1: 2.000000 2022-09-22T16:20:00Z
 2: 2.000000 2022-09-22T16:40:00Z
 3: 2.000000 2022-09-22T17:00:00Z
    <float>  <string>

2022-09-23 01:14:10.785  LogInfo: END function Utility2_GetChillerPlantCoolingLoadTon
2022-09-23 01:14:10.786  LogInfo: START function Utility2_GetChillerPlantCoP
2022-09-23 01:14:10.872  LogInfo: function Utility2_GetChillerPlantCoP data: [{Chiller_Plant [4x3] DataFrame

    Time                 Chiller_Plant_Cooling_Load ...
 0: 2022-09-22T16:00:00Z NaN                        ...
 1: 2022-09-22T16:20:00Z 14774.652056               ...
 2: 2022-09-22T16:40:00Z 14733.313919               ...
 3: 2022-09-22T17:00:00Z 14731.584717               ...
    <string>             <float>                    ...

Not Showing: Chiller_Plant_Total_Chiller_Energy <float>
}]
2022-09-23 01:14:10.873  LogInfo: function Utility2_GetChillerPlantCoP data: [4x2] DataFrame

    Value     Time
 0: NaN       2022-09-22T16:00:00Z
 1: 13.770974 2022-09-22T16:20:00Z
 2: 13.760689 2022-09-22T16:40:00Z
 3: 14.343448 2022-09-22T17:00:00Z
    <float>   <string>

2022-09-23 01:14:10.960  LogInfo: END function Utility2_GetChillerPlantEnergy1Month
2022-09-23 01:14:11.028  LogInfo: END function Utility2_GetChillerPlantSCHWPRunning
2022-09-23 01:14:11.297  LogInfo: END function Utility2_GetChillerPlantCoP
2022-09-23 01:14:11.299  LogInfo: START function Utility2_GetChillerDeltaT
2022-09-23 01:14:11.300  LogInfo: START function Utility2_GetChillerEnergy1Hour
2022-09-23 01:14:11.301  LogInfo: START function Utility2_GetChillerPlantCoP_kWPerTon
2022-09-23 01:14:11.456  LogInfo: function Utility2_GetChillerEnergy1Hour data: [{CH01 [7x2] DataFrame

    Time                 Chiller_Power_Sensor
 0: 2022-09-22T11:00:00Z 372600.000000
 1: 2022-09-22T12:00:00Z 371333.333333
 2: 2022-09-22T13:00:00Z 374266.666667
 3: 2022-09-22T14:00:00Z 373200.000000
 4: 2022-09-22T15:00:00Z 372933.333333
 5: 2022-09-22T16:00:00Z 372666.666667
 6: 2022-09-22T17:00:00Z 356800.000000
    <string>             <float>
} {CH02 [7x2] DataFrame

    Time                 Chiller_Power_Sensor
 0: 2022-09-22T11:00:00Z 215000.000000
 1: 2022-09-22T12:00:00Z 215600.000000
 2: 2022-09-22T13:00:00Z 216266.666667
 3: 2022-09-22T14:00:00Z 215866.666667
 4: 2022-09-22T15:00:00Z 215333.333333
 5: 2022-09-22T16:00:00Z 215600.000000
 6: 2022-09-22T17:00:00Z 209600.000000
    <string>             <float>
} {CH03 [7x2] DataFrame

    Time                 Chiller_Power_Sensor
 0: 2022-09-22T11:00:00Z 200.000000
 1: 2022-09-22T12:00:00Z 133.333333
 2: 2022-09-22T13:00:00Z 0.000000
 3: 2022-09-22T14:00:00Z 266.666667
 4: 2022-09-22T15:00:00Z 0.000000
 5: 2022-09-22T16:00:00Z 133.333333
 6: 2022-09-22T17:00:00Z 0.000000
    <string>             <float>
} {CH04 [7x2] DataFrame

    Time                 Chiller_Power_Sensor
 0: 2022-09-22T11:00:00Z 0.000000
 1: 2022-09-22T12:00:00Z 0.000000
 2: 2022-09-22T13:00:00Z 0.000000
 3: 2022-09-22T14:00:00Z 0.000000
 4: 2022-09-22T15:00:00Z 0.000000
 5: 2022-09-22T16:00:00Z 0.000000
 6: 2022-09-22T17:00:00Z 0.000000
    <string>             <float>
} {CH05 [7x2] DataFrame

    Time                 Chiller_Power_Sensor
 0: 2022-09-22T11:00:00Z 477.400009
 1: 2022-09-22T12:00:00Z 483.000000
 2: 2022-09-22T13:00:00Z 487.366659
 3: 2022-09-22T14:00:00Z 485.633331
 4: 2022-09-22T15:00:00Z 485.133341
 5: 2022-09-22T16:00:00Z 482.200002
 6: 2022-09-22T17:00:00Z 460.200012
    <string>             <float>
}]
2022-09-23 01:14:11.456  LogInfo: function Utility2_GetChillerEnergy1Hour data: [7x2] DataFrame

    Value      Time
 0: 372.600000 2022-09-22T11:00:00Z
 1: 371.333333 2022-09-22T12:00:00Z
 2: 374.266667 2022-09-22T13:00:00Z
 3: 373.200000 2022-09-22T14:00:00Z
 4: 372.933333 2022-09-22T15:00:00Z
 5: 372.666667 2022-09-22T16:00:00Z
 6: 356.800000 2022-09-22T17:00:00Z
    <float>    <string>

2022-09-23 01:14:11.457  LogInfo: function Utility2_GetChillerEnergy1Hour data: [7x2] DataFrame

    Value      Time
 0: 215.000000 2022-09-22T11:00:00Z
 1: 215.600000 2022-09-22T12:00:00Z
 2: 216.266667 2022-09-22T13:00:00Z
 3: 215.866667 2022-09-22T14:00:00Z
 4: 215.333333 2022-09-22T15:00:00Z
 5: 215.600000 2022-09-22T16:00:00Z
 6: 209.600000 2022-09-22T17:00:00Z
    <float>    <string>

2022-09-23 01:14:11.457  LogInfo: function Utility2_GetChillerEnergy1Hour data: [7x2] DataFrame

    Value    Time
 0: 0.200000 2022-09-22T11:00:00Z
 1: 0.133333 2022-09-22T12:00:00Z
 2: 0.000000 2022-09-22T13:00:00Z
 3: 0.266667 2022-09-22T14:00:00Z
 4: 0.000000 2022-09-22T15:00:00Z
 5: 0.133333 2022-09-22T16:00:00Z
 6: 0.000000 2022-09-22T17:00:00Z
    <float>  <string>

2022-09-23 01:14:11.457  LogInfo: function Utility2_GetChillerEnergy1Hour data: [7x2] DataFrame

    Value    Time
 0: 0.000000 2022-09-22T11:00:00Z
 1: 0.000000 2022-09-22T12:00:00Z
 2: 0.000000 2022-09-22T13:00:00Z
 3: 0.000000 2022-09-22T14:00:00Z
 4: 0.000000 2022-09-22T15:00:00Z
 5: 0.000000 2022-09-22T16:00:00Z
 6: 0.000000 2022-09-22T17:00:00Z
    <float>  <string>

2022-09-23 01:14:11.457  LogInfo: function Utility2_GetChillerEnergy1Hour data: [7x2] DataFrame

    Value      Time
 0: 477.400009 2022-09-22T11:00:00Z
 1: 483.000000 2022-09-22T12:00:00Z
 2: 487.366659 2022-09-22T13:00:00Z
 3: 485.633331 2022-09-22T14:00:00Z
 4: 485.133341 2022-09-22T15:00:00Z
 5: 482.200002 2022-09-22T16:00:00Z
 6: 460.200012 2022-09-22T17:00:00Z
    <float>    <string>

2022-09-23 01:14:11.460  LogInfo: function Utility2_GetChillerDeltaT data: [{CH01 [4x3] DataFrame

    Time                 Chiller_Chilled_Water_Return_Temperature_Sensor ...
 0: 2022-09-22T16:00:00Z NaN                                             ...
 1: 2022-09-22T16:20:00Z 10.742967                                       ...
 2: 2022-09-22T16:40:00Z 10.742967                                       ...
 3: 2022-09-22T17:00:00Z 10.742967                                       ...
    <string>             <float>                                         ...

Not Showing: Chiller_Chilled_Water_Supply_Temperature_Sensor <float>
} {CH02 [4x3] DataFrame

    Time                 Chiller_Chilled_Water_Return_Temperature_Sensor ...
 0: 2022-09-22T16:00:00Z NaN                                             ...
 1: 2022-09-22T16:20:00Z 10.362007                                       ...
 2: 2022-09-22T16:40:00Z 10.362007                                       ...
 3: 2022-09-22T17:00:00Z 10.362007                                       ...
    <string>             <float>                                         ...

Not Showing: Chiller_Chilled_Water_Supply_Temperature_Sensor <float>
} {CH03 [4x3] DataFrame

    Time                 Chiller_Chilled_Water_Return_Temperature_Sensor ...
 0: 2022-09-22T16:00:00Z NaN                                             ...
 1: 2022-09-22T16:20:00Z 15.063696                                       ...
 2: 2022-09-22T16:40:00Z 15.063696                                       ...
 3: 2022-09-22T17:00:00Z 15.063696                                       ...
    <string>             <float>                                         ...

Not Showing: Chiller_Chilled_Water_Supply_Temperature_Sensor <float>
} {CH04 [4x3] DataFrame

    Time                 Chiller_Chilled_Water_Return_Temperature_Sensor ...
 0: 2022-09-22T16:00:00Z NaN                                             ...
 1: 2022-09-22T16:20:00Z 14.302432                                       ...
 2: 2022-09-22T16:40:00Z 14.302432                                       ...
 3: 2022-09-22T17:00:00Z 14.302432                                       ...
    <string>             <float>                                         ...

Not Showing: Chiller_Chilled_Water_Supply_Temperature_Sensor <float>
} {CH05 [4x3] DataFrame

    Time                 Chiller_Chilled_Water_Return_Temperature_Sensor ...
 0: 2022-09-22T16:00:00Z NaN                                             ...
 1: 2022-09-22T16:20:00Z 11.948589                                       ...
 2: 2022-09-22T16:40:00Z 11.948589                                       ...
 3: 2022-09-22T17:00:00Z 11.948589                                       ...
    <string>             <float>                                         ...

Not Showing: Chiller_Chilled_Water_Supply_Temperature_Sensor <float>
}]
2022-09-23 01:14:11.461  LogInfo: function Utility2_GetChillerDeltaT data: [4x2] DataFrame

    Value    Time
 0: NaN      2022-09-22T16:00:00Z
 1: 4.086232 2022-09-22T16:20:00Z
 2: 4.086232 2022-09-22T16:40:00Z
 3: 4.086232 2022-09-22T17:00:00Z
    <float>  <string>

2022-09-23 01:14:11.461  LogInfo: function Utility2_GetChillerDeltaT data: [4x2] DataFrame

    Value    Time
 0: NaN      2022-09-22T16:00:00Z
 1: 3.385475 2022-09-22T16:20:00Z
 2: 3.385475 2022-09-22T16:40:00Z
 3: 3.385475 2022-09-22T17:00:00Z
    <float>  <string>

2022-09-23 01:14:11.461  LogInfo: function Utility2_GetChillerDeltaT data: [4x2] DataFrame

    Value    Time
 0: NaN      2022-09-22T16:00:00Z
 1: 4.295591 2022-09-22T16:20:00Z
 2: 4.295591 2022-09-22T16:40:00Z
 3: 4.295591 2022-09-22T17:00:00Z
    <float>  <string>

2022-09-23 01:14:11.461  LogInfo: function Utility2_GetChillerDeltaT data: [4x2] DataFrame

    Value    Time
 0: NaN      2022-09-22T16:00:00Z
 1: 2.759922 2022-09-22T16:20:00Z
 2: 2.864122 2022-09-22T16:40:00Z
 3: 2.864122 2022-09-22T17:00:00Z
    <float>  <string>

2022-09-23 01:14:11.461  LogInfo: function Utility2_GetChillerDeltaT data: [4x2] DataFrame

    Value    Time
 0: NaN      2022-09-22T16:00:00Z
 1: 4.980869 2022-09-22T16:20:00Z
 2: 4.980869 2022-09-22T16:40:00Z
 3: 4.980869 2022-09-22T17:00:00Z
    <float>  <string>

2022-09-23 01:14:11.476  LogInfo: function Utility2_GetChillerPlantCoP_kWPerTon data: [{Chiller_Plant [4x3] DataFrame

    Time                 Chiller_Plant_Cooling_Load ...
 0: 2022-09-22T16:00:00Z NaN                        ...
 1: 2022-09-22T16:20:00Z 14774.652056               ...
 2: 2022-09-22T16:40:00Z 14733.313919               ...
 3: 2022-09-22T17:00:00Z 14731.584717               ...
    <string>             <float>                    ...

Not Showing: Chiller_Plant_Total_Chiller_Energy <float>
}]
2022-09-23 01:14:11.476  LogInfo: function Utility2_GetChillerPlantCoP_kWPerTon data: [4x2] DataFrame

    Value    Time
 0: NaN      2022-09-22T16:00:00Z
 1: 0.255385 2022-09-22T16:20:00Z
 2: 0.255576 2022-09-22T16:40:00Z
 3: 0.245192 2022-09-22T17:00:00Z
    <float>  <string>

2022-09-23 01:14:12.144  LogInfo: END function Utility2_GetChillerEnergy1Hour
2022-09-23 01:14:12.144  LogInfo: END function Utility2_GetChillerPlantCoP_kWPerTon
2022-09-23 01:14:12.146  LogInfo: START function Utility2_GetChillerEnergy1Day
2022-09-23 01:14:12.158  LogInfo: END function Utility2_GetChillerDeltaT
2022-09-23 01:14:12.160  LogInfo: START function Utility2_GetChillerCL
2022-09-23 01:14:12.235  LogInfo: function Utility2_GetChillerEnergy1Day data: [{CH01 [5x2] DataFrame

    Time                 Chiller_Power_Sensor
 0: 2022-09-18T00:00:00Z 8182800.000000
 1: 2022-09-19T00:00:00Z 29872400.000000
 2: 2022-09-20T00:00:00Z 28516000.000000
 3: 2022-09-21T00:00:00Z 27771200.000000
 4: 2022-09-22T00:00:00Z 19605200.000000
    <string>             <float>
} {CH02 [5x2] DataFrame

    Time                 Chiller_Power_Sensor
 0: 2022-09-18T00:00:00Z 4575600.000000
 1: 2022-09-19T00:00:00Z 16542400.000000
 2: 2022-09-20T00:00:00Z 16037600.000000
 3: 2022-09-21T00:00:00Z 15839200.000000
 4: 2022-09-22T00:00:00Z 11288000.000000
    <string>             <float>
} {CH03 [5x2] DataFrame

    Time                 Chiller_Power_Sensor
 0: 2022-09-18T00:00:00Z 2400.000000
 1: 2022-09-19T00:00:00Z 4800.000000
 2: 2022-09-20T00:00:00Z 8400.000000
 3: 2022-09-21T00:00:00Z 7600.000000
 4: 2022-09-22T00:00:00Z 5200.000000
    <string>             <float>
} {CH04 [5x2] DataFrame

    Time                 Chiller_Power_Sensor
 0: 2022-09-18T00:00:00Z 0.000000
 1: 2022-09-19T00:00:00Z 0.000000
 2: 2022-09-20T00:00:00Z 0.000000
 3: 2022-09-21T00:00:00Z 0.000000
 4: 2022-09-22T00:00:00Z 0.000000
    <string>             <float>
} {CH05 [5x2] DataFrame

    Time                 Chiller_Power_Sensor
 0: 2022-09-18T00:00:00Z 10064.499939
 1: 2022-09-19T00:00:00Z 36278.800018
 2: 2022-09-20T00:00:00Z 35564.699890
 3: 2022-09-21T00:00:00Z 35163.300110
 4: 2022-09-22T00:00:00Z 25387.499939
    <string>             <float>
}]
2022-09-23 01:14:12.235  LogInfo: function Utility2_GetChillerEnergy1Day data: [5x2] DataFrame

    Value       Time
 0: 2727.600000 2022-09-18T00:00:00Z
 1: 9957.466667 2022-09-19T00:00:00Z
 2: 9505.333333 2022-09-20T00:00:00Z
 3: 9257.066667 2022-09-21T00:00:00Z
 4: 6535.066667 2022-09-22T00:00:00Z
    <float>     <string>

2022-09-23 01:14:12.235  LogInfo: function Utility2_GetChillerEnergy1Day data: [5x2] DataFrame

    Value       Time
 0: 1525.200000 2022-09-18T00:00:00Z
 1: 5514.133333 2022-09-19T00:00:00Z
 2: 5345.866667 2022-09-20T00:00:00Z
 3: 5279.733333 2022-09-21T00:00:00Z
 4: 3762.666667 2022-09-22T00:00:00Z
    <float>     <string>

2022-09-23 01:14:12.235  LogInfo: function Utility2_GetChillerEnergy1Day data: [5x2] DataFrame

    Value    Time
 0: 0.800000 2022-09-18T00:00:00Z
 1: 1.600000 2022-09-19T00:00:00Z
 2: 2.800000 2022-09-20T00:00:00Z
 3: 2.533333 2022-09-21T00:00:00Z
 4: 1.733333 2022-09-22T00:00:00Z
    <float>  <string>

2022-09-23 01:14:12.235  LogInfo: function Utility2_GetChillerEnergy1Day data: [5x2] DataFrame

    Value    Time
 0: 0.000000 2022-09-18T00:00:00Z
 1: 0.000000 2022-09-19T00:00:00Z
 2: 0.000000 2022-09-20T00:00:00Z
 3: 0.000000 2022-09-21T00:00:00Z
 4: 0.000000 2022-09-22T00:00:00Z
    <float>  <string>

2022-09-23 01:14:12.235  LogInfo: function Utility2_GetChillerEnergy1Day data: [5x2] DataFrame

    Value        Time
 0: 10064.499939 2022-09-18T00:00:00Z
 1: 36278.800018 2022-09-19T00:00:00Z
 2: 35564.699890 2022-09-20T00:00:00Z
 3: 35163.300110 2022-09-21T00:00:00Z
 4: 25387.499939 2022-09-22T00:00:00Z
    <float>      <string>

2022-09-23 01:14:12.253  LogInfo: function Utility2_GetChillerCL data: [{CH01 [4x4] DataFrame

    Time                 Chiller_Chilled_Water_Return_Temperature_Sensor ...
 0: 2022-09-22T16:00:00Z NaN                                             ...
 1: 2022-09-22T16:20:00Z 10.742967                                       ...
 2: 2022-09-22T16:40:00Z 10.742967                                       ...
 3: 2022-09-22T17:00:00Z 10.742967                                       ...
    <string>             <float>                                         ...

Not Showing: Chiller_Chilled_Water_Supply_Temperature_Sensor <float>,
Chiller_Water_Flowrate <float>
} {CH02 [4x4] DataFrame

    Time                 Chiller_Chilled_Water_Return_Temperature_Sensor ...
 0: 2022-09-22T16:00:00Z NaN                                             ...
 1: 2022-09-22T16:20:00Z 10.362007                                       ...
 2: 2022-09-22T16:40:00Z 10.362007                                       ...
 3: 2022-09-22T17:00:00Z 10.362007                                       ...
    <string>             <float>                                         ...

Not Showing: Chiller_Chilled_Water_Supply_Temperature_Sensor <float>,
Chiller_Water_Flowrate <float>
} {CH03 [4x4] DataFrame

    Time                 Chiller_Chilled_Water_Return_Temperature_Sensor ...
 0: 2022-09-22T16:00:00Z NaN                                             ...
 1: 2022-09-22T16:20:00Z 15.063696                                       ...
 2: 2022-09-22T16:40:00Z 15.063696                                       ...
 3: 2022-09-22T17:00:00Z 15.063696                                       ...
    <string>             <float>                                         ...

Not Showing: Chiller_Chilled_Water_Supply_Temperature_Sensor <float>,
Chiller_Water_Flowrate <float>
} {CH04 [4x4] DataFrame

    Time                 Chiller_Chilled_Water_Return_Temperature_Sensor ...
 0: 2022-09-22T16:00:00Z NaN                                             ...
 1: 2022-09-22T16:20:00Z 14.302432                                       ...
 2: 2022-09-22T16:40:00Z 14.302432                                       ...
 3: 2022-09-22T17:00:00Z 14.302432                                       ...
    <string>             <float>                                         ...

Not Showing: Chiller_Chilled_Water_Supply_Temperature_Sensor <float>,
Chiller_Water_Flowrate <float>
} {CH05 [4x4] DataFrame

    Time                 Chiller_Chilled_Water_Return_Temperature_Sensor ...
 0: 2022-09-22T16:00:00Z NaN                                             ...
 1: 2022-09-22T16:20:00Z 11.948589                                       ...
 2: 2022-09-22T16:40:00Z 11.948589                                       ...
 3: 2022-09-22T17:00:00Z 11.948589                                       ...
    <string>             <float>                                         ...

Not Showing: Chiller_Chilled_Water_Supply_Temperature_Sensor <float>,
Chiller_Water_Flowrate <float>
}]
2022-09-23 01:14:12.253  LogInfo: function Utility2_GetChillerCL data: [4x2] DataFrame

    Value       Time
 0: NaN         2022-09-22T16:00:00Z
 1: 2548.683033 2022-09-22T16:20:00Z
 2: 2554.097963 2022-09-22T16:40:00Z
 3: 2538.395167 2022-09-22T17:00:00Z
    <float>     <string>

2022-09-23 01:14:12.253  LogInfo: function Utility2_GetChillerCL data: [4x2] DataFrame

    Value       Time
 0: NaN         2022-09-22T16:00:00Z
 1: 3573.173013 2022-09-22T16:20:00Z
 2: 3567.340873 2022-09-22T16:40:00Z
 3: 3607.715709 2022-09-22T17:00:00Z
    <float>     <string>

2022-09-23 01:14:12.253  LogInfo: function Utility2_GetChillerCL data: [4x2] DataFrame

    Value    Time
 0: NaN      2022-09-22T16:00:00Z
 1: 0.000000 2022-09-22T16:20:00Z
 2: 0.000000 2022-09-22T16:40:00Z
 3: 0.000000 2022-09-22T17:00:00Z
    <float>  <string>

2022-09-23 01:14:12.253  LogInfo: function Utility2_GetChillerCL data: [4x2] DataFrame

    Value    Time
 0: NaN      2022-09-22T16:00:00Z
 1: 0.000000 2022-09-22T16:20:00Z
 2: 0.000000 2022-09-22T16:40:00Z
 3: 0.000000 2022-09-22T17:00:00Z
    <float>  <string>

2022-09-23 01:14:12.253  LogInfo: function Utility2_GetChillerCL data: [4x2] DataFrame

    Value       Time
 0: NaN         2022-09-22T16:00:00Z
 1: 8652.796010 2022-09-22T16:20:00Z
 2: 8611.875083 2022-09-22T16:40:00Z
 3: 8585.473841 2022-09-22T17:00:00Z
    <float>     <string>

2022-09-23 01:14:12.722  LogInfo: END function Utility2_GetChillerEnergy1Day
2022-09-23 01:14:12.722  LogInfo: START function Utility2_GetChillerEnergy1Month
2022-09-23 01:14:12.818  LogInfo: END function Utility2_GetChillerCL
2022-09-23 01:14:12.820  LogInfo: START function Utility2_GetChillerCoP
2022-09-23 01:14:12.831  LogInfo: function Utility2_GetChillerEnergy1Month data: [{CH01 [1x2] DataFrame

    Time                           Chiller_Power_Sensor
 0: 2022-09-01T00:00:00.000000001Z 654060800.000000
    <string>                       <float>
} {CH02 [1x2] DataFrame

    Time                           Chiller_Power_Sensor
 0: 2022-09-01T00:00:00.000000001Z 140566400.000000
    <string>                       <float>
} {CH03 [1x2] DataFrame

    Time                           Chiller_Power_Sensor
 0: 2022-09-01T00:00:00.000000001Z 326719200.000000
    <string>                       <float>
} {CH04 [1x2] DataFrame

    Time                           Chiller_Power_Sensor
 0: 2022-09-01T00:00:00.000000001Z 0.000000
    <string>                       <float>
} {CH05 [1x2] DataFrame

    Time                           Chiller_Power_Sensor
 0: 2022-09-01T00:00:00.000000001Z 302886.100037
    <string>                       <float>
}]
2022-09-23 01:14:12.831  LogInfo: function Utility2_GetChillerEnergy1Month data: [1x2] DataFrame

    Value         Time
 0: 218020.266667 2022-09-01T00:00:00.000000001Z
    <float>       <string>

2022-09-23 01:14:12.831  LogInfo: function Utility2_GetChillerEnergy1Month data: [1x2] DataFrame

    Value        Time
 0: 46855.466667 2022-09-01T00:00:00.000000001Z
    <float>      <string>

2022-09-23 01:14:12.831  LogInfo: function Utility2_GetChillerEnergy1Month data: [1x2] DataFrame

    Value         Time
 0: 108906.400000 2022-09-01T00:00:00.000000001Z
    <float>       <string>

2022-09-23 01:14:12.831  LogInfo: function Utility2_GetChillerEnergy1Month data: [1x2] DataFrame

    Value    Time
 0: 0.000000 2022-09-01T00:00:00.000000001Z
    <float>  <string>

2022-09-23 01:14:12.831  LogInfo: function Utility2_GetChillerEnergy1Month data: [1x2] DataFrame

    Value         Time
 0: 302886.100037 2022-09-01T00:00:00.000000001Z
    <float>       <string>

2022-09-23 01:14:12.936  LogInfo: function Utility2_GetChillerCoP data: [{CH01 [4x5] DataFrame

    Time                 Chiller_Chilled_Water_Return_Temperature_Sensor ...
 0: 2022-09-22T16:00:00Z NaN                                             ...
 1: 2022-09-22T16:20:00Z 10.742967                                       ...
 2: 2022-09-22T16:40:00Z 10.742967                                       ...
 3: 2022-09-22T17:00:00Z 10.742967                                       ...
    <string>             <float>                                         ...

Not Showing: Chiller_Chilled_Water_Supply_Temperature_Sensor <float>,
Chiller_Power_Sensor <float>, Chiller_Water_Flowrate <float>
} {CH02 [4x5] DataFrame

    Time                 Chiller_Chilled_Water_Return_Temperature_Sensor ...
 0: 2022-09-22T16:00:00Z NaN                                             ...
 1: 2022-09-22T16:20:00Z 10.362007                                       ...
 2: 2022-09-22T16:40:00Z 10.362007                                       ...
 3: 2022-09-22T17:00:00Z 10.362007                                       ...
    <string>             <float>                                         ...

Not Showing: Chiller_Chilled_Water_Supply_Temperature_Sensor <float>,
Chiller_Power_Sensor <float>, Chiller_Water_Flowrate <float>
} {CH03 [4x5] DataFrame

    Time                 Chiller_Chilled_Water_Return_Temperature_Sensor ...
 0: 2022-09-22T16:00:00Z NaN                                             ...
 1: 2022-09-22T16:20:00Z 15.063696                                       ...
 2: 2022-09-22T16:40:00Z 15.063696                                       ...
 3: 2022-09-22T17:00:00Z 15.063696                                       ...
    <string>             <float>                                         ...

Not Showing: Chiller_Chilled_Water_Supply_Temperature_Sensor <float>,
Chiller_Power_Sensor <float>, Chiller_Water_Flowrate <float>
} {CH04 [4x5] DataFrame

    Time                 Chiller_Chilled_Water_Return_Temperature_Sensor ...
 0: 2022-09-22T16:00:00Z NaN                                             ...
 1: 2022-09-22T16:20:00Z 14.302432                                       ...
 2: 2022-09-22T16:40:00Z 14.302432                                       ...
 3: 2022-09-22T17:00:00Z 14.302432                                       ...
    <string>             <float>                                         ...

Not Showing: Chiller_Chilled_Water_Supply_Temperature_Sensor <float>,
Chiller_Power_Sensor <float>, Chiller_Water_Flowrate <float>
} {CH05 [4x5] DataFrame

    Time                 Chiller_Chilled_Water_Return_Temperature_Sensor ...
 0: 2022-09-22T16:00:00Z NaN                                             ...
 1: 2022-09-22T16:20:00Z 11.948589                                       ...
 2: 2022-09-22T16:40:00Z 11.948589                                       ...
 3: 2022-09-22T17:00:00Z 11.948589                                       ...
    <string>             <float>                                         ...

Not Showing: Chiller_Chilled_Water_Supply_Temperature_Sensor <float>,
Chiller_Power_Sensor <float>, Chiller_Water_Flowrate <float>
}]
2022-09-23 01:14:12.939  LogInfo: function Utility2_GetChillerCoP data: [4x2] DataFrame

    Value    Time
 0: NaN      2022-09-22T16:00:00Z
 1: 6.836596 2022-09-22T16:20:00Z
 2: 6.843778 2022-09-22T16:40:00Z
 3: 7.114336 2022-09-22T17:00:00Z
    <float>  <string>

2022-09-23 01:14:12.943  LogInfo: function Utility2_GetChillerCoP data: [4x2] DataFrame

    Value     Time
 0: NaN       2022-09-22T16:00:00Z
 1: 16.542468 2022-09-22T16:20:00Z
 2: 16.546108 2022-09-22T16:40:00Z
 3: 17.212384 2022-09-22T17:00:00Z
    <float>   <string>

2022-09-23 01:14:12.946  LogInfo: function Utility2_GetChillerCoP data: [4x2] DataFrame

    Value    Time
 0: NaN      2022-09-22T16:00:00Z
 1: 0.000000 2022-09-22T16:20:00Z
 2: 0.000000 2022-09-22T16:40:00Z
 3: 0.000000 2022-09-22T17:00:00Z
    <float>  <string>

2022-09-23 01:14:12.950  LogInfo: function Utility2_GetChillerCoP data: [4x2] DataFrame

    Value    Time
 0: NaN      2022-09-22T16:00:00Z
 1: 0.000000 2022-09-22T16:20:00Z
 2: 0.000000 2022-09-22T16:40:00Z
 3: 0.000000 2022-09-22T17:00:00Z
    <float>  <string>

2022-09-23 01:14:12.953  LogInfo: function Utility2_GetChillerCoP data: [4x2] DataFrame

    Value     Time
 0: NaN       2022-09-22T16:00:00Z
 1: 17.892465 2022-09-22T16:20:00Z
 2: 17.889230 2022-09-22T16:40:00Z
 3: 18.655962 2022-09-22T17:00:00Z
    <float>   <string>

2022-09-23 01:14:13.409  LogInfo: END function Utility2_GetChillerEnergy1Month
2022-09-23 01:14:13.480  LogInfo: END function Utility2_GetChillerCoP
2022-09-23 01:14:13.480  LogInfo: START function Utility2_GetChillerCLTon
2022-09-23 01:14:13.607  LogInfo: function Utility2_GetChillerCLTon data: [{CH01 [4x2] DataFrame

    Time                 Chiller_Cooling_Load
 0: 2022-09-22T16:00:00Z NaN
 1: 2022-09-22T16:20:00Z 2548.683033
 2: 2022-09-22T16:40:00Z 2554.097963
 3: 2022-09-22T17:00:00Z 2538.395167
    <string>             <float>
} {CH02 [4x2] DataFrame

    Time                 Chiller_Cooling_Load
 0: 2022-09-22T16:00:00Z NaN
 1: 2022-09-22T16:20:00Z 3573.173013
 2: 2022-09-22T16:40:00Z 3567.340873
 3: 2022-09-22T17:00:00Z 3607.715709
    <string>             <float>
} {CH03 [4x2] DataFrame

    Time                 Chiller_Cooling_Load
 0: 2022-09-22T16:00:00Z NaN
 1: 2022-09-22T16:20:00Z 0.000000
 2: 2022-09-22T16:40:00Z 0.000000
 3: 2022-09-22T17:00:00Z 0.000000
    <string>             <float>
} {CH04 [4x2] DataFrame

    Time                 Chiller_Cooling_Load
 0: 2022-09-22T16:00:00Z NaN
 1: 2022-09-22T16:20:00Z 0.000000
 2: 2022-09-22T16:40:00Z 0.000000
 3: 2022-09-22T17:00:00Z 0.000000
    <string>             <float>
} {CH05 [4x2] DataFrame

    Time                 Chiller_Cooling_Load
 0: 2022-09-22T16:00:00Z NaN
 1: 2022-09-22T16:20:00Z 8652.796010
 2: 2022-09-22T16:40:00Z 8611.875083
 3: 2022-09-22T17:00:00Z 8585.473841
    <string>             <float>
}]
2022-09-23 01:14:13.607  LogInfo: function Utility2_GetChillerCLTon data: [4x2] DataFrame

    Value      Time
 0: NaN        2022-09-22T16:00:00Z
 1: 724.695906 2022-09-22T16:20:00Z
 2: 726.235595 2022-09-22T16:40:00Z
 3: 721.770641 2022-09-22T17:00:00Z
    <float>    <string>

2022-09-23 01:14:13.607  LogInfo: function Utility2_GetChillerCLTon data: [4x2] DataFrame

    Value       Time
 0: NaN         2022-09-22T16:00:00Z
 1: 1016.000743 2022-09-22T16:20:00Z
 2: 1014.342425 2022-09-22T16:40:00Z
 3: 1025.822659 2022-09-22T17:00:00Z
    <float>     <string>

2022-09-23 01:14:13.607  LogInfo: function Utility2_GetChillerCLTon data: [4x2] DataFrame

    Value    Time
 0: NaN      2022-09-22T16:00:00Z
 1: 0.000000 2022-09-22T16:20:00Z
 2: 0.000000 2022-09-22T16:40:00Z
 3: 0.000000 2022-09-22T17:00:00Z
    <float>  <string>

2022-09-23 01:14:13.607  LogInfo: function Utility2_GetChillerCLTon data: [4x2] DataFrame

    Value    Time
 0: NaN      2022-09-22T16:00:00Z
 1: 0.000000 2022-09-22T16:20:00Z
 2: 0.000000 2022-09-22T16:40:00Z
 3: 0.000000 2022-09-22T17:00:00Z
    <float>  <string>

2022-09-23 01:14:13.607  LogInfo: function Utility2_GetChillerCLTon data: [4x2] DataFrame

    Value       Time
 0: NaN         2022-09-22T16:00:00Z
 1: 2460.347468 2022-09-22T16:20:00Z
 2: 2448.711957 2022-09-22T16:40:00Z
 3: 2441.204993 2022-09-22T17:00:00Z
    <float>     <string>

2022-09-23 01:14:14.290  LogInfo: END function Utility2_GetChillerCLTon
2022-09-23 01:14:14.291  LogInfo: START function Utility2_GetChillerCoPkWPerTon
2022-09-23 01:14:14.393  LogInfo: function Utility2_GetChillerCoPkWPerTon data: [{CH01 [4x5] DataFrame

    Time                 Chiller_Chilled_Water_Return_Temperature_Sensor ...
 0: 2022-09-22T16:00:00Z NaN                                             ...
 1: 2022-09-22T16:20:00Z 10.742967                                       ...
 2: 2022-09-22T16:40:00Z 10.742967                                       ...
 3: 2022-09-22T17:00:00Z 10.742967                                       ...
    <string>             <float>                                         ...

Not Showing: Chiller_Chilled_Water_Supply_Temperature_Sensor <float>,
Chiller_Power_Sensor <float>, Chiller_Water_Flowrate <float>
} {CH02 [4x5] DataFrame

    Time                 Chiller_Chilled_Water_Return_Temperature_Sensor ...
 0: 2022-09-22T16:00:00Z NaN                                             ...
 1: 2022-09-22T16:20:00Z 10.362007                                       ...
 2: 2022-09-22T16:40:00Z 10.362007                                       ...
 3: 2022-09-22T17:00:00Z 10.362007                                       ...
    <string>             <float>                                         ...

Not Showing: Chiller_Chilled_Water_Supply_Temperature_Sensor <float>,
Chiller_Power_Sensor <float>, Chiller_Water_Flowrate <float>
} {CH03 [4x5] DataFrame

    Time                 Chiller_Chilled_Water_Return_Temperature_Sensor ...
 0: 2022-09-22T16:00:00Z NaN                                             ...
 1: 2022-09-22T16:20:00Z 15.063696                                       ...
 2: 2022-09-22T16:40:00Z 15.063696                                       ...
 3: 2022-09-22T17:00:00Z 15.063696                                       ...
    <string>             <float>                                         ...

Not Showing: Chiller_Chilled_Water_Supply_Temperature_Sensor <float>,
Chiller_Power_Sensor <float>, Chiller_Water_Flowrate <float>
} {CH04 [4x5] DataFrame

    Time                 Chiller_Chilled_Water_Return_Temperature_Sensor ...
 0: 2022-09-22T16:00:00Z NaN                                             ...
 1: 2022-09-22T16:20:00Z 14.302432                                       ...
 2: 2022-09-22T16:40:00Z 14.302432                                       ...
 3: 2022-09-22T17:00:00Z 14.302432                                       ...
    <string>             <float>                                         ...

Not Showing: Chiller_Chilled_Water_Supply_Temperature_Sensor <float>,
Chiller_Power_Sensor <float>, Chiller_Water_Flowrate <float>
} {CH05 [4x5] DataFrame

    Time                 Chiller_Chilled_Water_Return_Temperature_Sensor ...
 0: 2022-09-22T16:00:00Z NaN                                             ...
 1: 2022-09-22T16:20:00Z 11.948589                                       ...
 2: 2022-09-22T16:40:00Z 11.948589                                       ...
 3: 2022-09-22T17:00:00Z 11.948589                                       ...
    <string>             <float>                                         ...

Not Showing: Chiller_Chilled_Water_Supply_Temperature_Sensor <float>,
Chiller_Power_Sensor <float>, Chiller_Water_Flowrate <float>
}]
2022-09-23 01:14:14.393  LogInfo: function Utility2_GetChillerCoPkWPerTon data: [4x2] DataFrame

    Value    Time
 0: NaN      2022-09-22T16:00:00Z
 1: 0.514423 2022-09-22T16:20:00Z
 2: 0.513883 2022-09-22T16:40:00Z
 3: 0.494340 2022-09-22T17:00:00Z
    <float>  <string>

2022-09-23 01:14:14.393  LogInfo: function Utility2_GetChillerCoPkWPerTon data: [4x2] DataFrame

    Value    Time
 0: NaN      2022-09-22T16:00:00Z
 1: 0.212598 2022-09-22T16:20:00Z
 2: 0.212551 2022-09-22T16:40:00Z
 3: 0.204324 2022-09-22T17:00:00Z
    <float>  <string>

2022-09-23 01:14:14.393  LogInfo: function Utility2_GetChillerCoPkWPerTon data: [4x2] DataFrame

    Value    Time
 0: NaN      2022-09-22T16:00:00Z
 1: 0.000000 2022-09-22T16:20:00Z
 2: 0.000000 2022-09-22T16:40:00Z
 3: 0.000000 2022-09-22T17:00:00Z
    <float>  <string>

2022-09-23 01:14:14.393  LogInfo: function Utility2_GetChillerCoPkWPerTon data: [4x2] DataFrame

    Value    Time
 0: NaN      2022-09-22T16:00:00Z
 1: 0.000000 2022-09-22T16:20:00Z
 2: 0.000000 2022-09-22T16:40:00Z
 3: 0.000000 2022-09-22T17:00:00Z
    <float>  <string>

2022-09-23 01:14:14.393  LogInfo: function Utility2_GetChillerCoPkWPerTon data: [4x2] DataFrame

    Value    Time
 0: NaN      2022-09-22T16:00:00Z
 1: 0.000197 2022-09-22T16:20:00Z
 2: 0.000197 2022-09-22T16:40:00Z
 3: 0.000189 2022-09-22T17:00:00Z
    <float>  <string>

2022-09-23 01:14:14.929  LogInfo: END function Utility2_GetChillerCoPkWPerTon
